#
# A fatal error has been detected by the Java Runtime Environment:
#
#  SIGSEGV (0xb) at pc=0x00007fdc9081de3f, pid=12537, tid=12538
#
# JRE version: OpenJDK Runtime Environment (11.0.15+10) (build 11.0.15+10-Ubuntu-0ubuntu0.18.04.1)
# Java VM: OpenJDK 64-Bit Server VM (11.0.15+10-Ubuntu-0ubuntu0.18.04.1, mixed mode, sharing, tiered, compressed oops, g1 gc, linux-amd64)
# Problematic frame:
# j  Main.main([Ljava/lang/String;)V+212
#
# Core dump will be written. Default location: core.12537 (may not exist)
#
# If you would like to submit a bug report, please visit:
#   Unknown
#

---------------  S U M M A R Y ------------

Command Line: -Xverify:none Main

Host: Intel(R) Core(TM) i5-8265U CPU @ 1.60GHz, 8 cores, 11G, Ubuntu 18.04.5 LTS
Time: Thu Jun  9 20:58:05 2022 CST elapsed time: 0.205323 seconds (0d 0h 0m 0s)

---------------  T H R E A D  ---------------

Current thread (0x00007fdca8016800):  JavaThread "main" [_thread_in_Java, id=12538, stack(0x00007fdcb1ca0000,0x00007fdcb1da1000)]

Stack: [0x00007fdcb1ca0000,0x00007fdcb1da1000],  sp=0x000000074e107ab8,  free space=18014261249249694k
Native frames: (J=compiled Java code, A=aot compiled Java code, j=interpreted, Vv=VM code, C=native code)
j  Main.main([Ljava/lang/String;)V+212
v  ~StubRoutines::call_stub
V  [libjvm.so+0x83d143]
V  [libjvm.so+0x8b360c]
V  [libjvm.so+0x8b5766]
C  [libjli.so+0x4738]
C  [libjli.so+0x87e9]


siginfo: si_signo: 11 (SIGSEGV), si_code: 1 (SEGV_MAPERR), si_addr: 0x000000000006716e

Register to memory mapping:

RAX=
[error occurred during error reporting (printing register info), id 0xb, SIGSEGV (0xb) at pc=0x00007fdcb013e485]

Registers:
RAX=0x000000074e107ab8, RBX=0x00007fdcb1d9f6b8, RCX=0x000000000006716e, RDX=0x000000074e150cc8
RSP=0x000000074e107ab8, RBP=0x00007fdcb1d9f700, RSI=0x000000074e107ab8, RDI=0x000000074e107990
R8 =0x00007fdc7f7c0350, R9 =0x0000000000000002, R10=0x0000000000000000, R11=0x00007fdcb0827c6c
R12=0x0000000000000000, R13=0x00007fdc7f7c030c, R14=0x00007fdcb1d9fa28, R15=0x00007fdca8016800
RIP=0x00007fdc9081de3f, EFLAGS=0x0000000000010202, CSGSFS=0x00000053002b0033, ERR=0x0000000000000000
  TRAPNO=0x0000000000000000

Top of Stack: (sp=0x000000074e107ab8)
0x000000074e107ab8:   0000000000000001 0000000000000000
0x000000074e107ac8:   e9c20f76e9c20f5e 0000000000000001
0x000000074e107ad8:   e9c20f7ce9c213bf 0000000000000001
0x000000074e107ae8:   000000000007940a 0000000000000001 

Instructions: (pc=0x00007fdc9081de3f)
0x00007fdc9081dd3f:   6d c0 48 8d 06 48 8b 4e 08 48 c7 46 08 00 00 00
0x00007fdc9081dd4f:   00 48 8b 11 48 83 e2 07 48 83 fa 05 0f 84 b7 00
0x00007fdc9081dd5f:   00 00 48 8b 10 48 85 d2 0f 84 ab 00 00 00 f0 48
0x00007fdc9081dd6f:   0f b1 11 0f 84 a0 00 00 00 48 89 4e 08 e8 05 00
0x00007fdc9081dd7f:   00 00 e9 92 00 00 00 48 8d 44 24 08 4c 89 6d c0
0x00007fdc9081dd8f:   49 8b ff c5 f8 77 49 89 af 38 03 00 00 49 89 87
0x00007fdc9081dd9f:   28 03 00 00 f7 c4 0f 00 00 00 0f 84 12 00 00 00
0x00007fdc9081ddaf:   48 83 ec 08 e8 b8 27 96 1f 48 83 c4 08 e9 05 00
0x00007fdc9081ddbf:   00 00 e8 aa 27 96 1f 49 ba 00 00 00 00 00 00 00
0x00007fdc9081ddcf:   00 4d 89 97 28 03 00 00 49 ba 00 00 00 00 00 00
0x00007fdc9081dddf:   00 00 4d 89 97 38 03 00 00 49 ba 00 00 00 00 00
0x00007fdc9081ddef:   00 00 00 4d 89 97 30 03 00 00 c5 f8 77 49 81 7f
0x00007fdc9081ddff:   08 00 00 00 00 0f 84 05 00 00 00 e9 f1 2d ff ff
0x00007fdc9081de0f:   4c 8b 6d c0 4c 8b 75 c8 c3 4c 8b 6d c0 48 8b 75
0x00007fdc9081de1f:   b8 48 8d 5d b8 e9 95 01 00 00 48 8b f6 4c 89 6d
0x00007fdc9081de2f:   c0 48 8d 06 48 8b 4e 08 48 c7 46 08 00 00 00 00
0x00007fdc9081de3f:   48 8b 11 48 83 e2 07 48 83 fa 05 0f 84 b7 00 00
0x00007fdc9081de4f:   00 48 8b 10 48 85 d2 0f 84 ab 00 00 00 f0 48 0f
0x00007fdc9081de5f:   b1 11 0f 84 a0 00 00 00 48 89 4e 08 e8 05 00 00
0x00007fdc9081de6f:   00 e9 92 00 00 00 48 8d 44 24 08 4c 89 6d c0 49
0x00007fdc9081de7f:   8b ff c5 f8 77 49 89 af 38 03 00 00 49 89 87 28
0x00007fdc9081de8f:   03 00 00 f7 c4 0f 00 00 00 0f 84 12 00 00 00 48
0x00007fdc9081de9f:   83 ec 08 e8 c9 26 96 1f 48 83 c4 08 e9 05 00 00
0x00007fdc9081deaf:   00 e8 bb 26 96 1f 49 ba 00 00 00 00 00 00 00 00
0x00007fdc9081debf:   4d 89 97 28 03 00 00 49 ba 00 00 00 00 00 00 00
0x00007fdc9081decf:   00 4d 89 97 38 03 00 00 49 ba 00 00 00 00 00 00
0x00007fdc9081dedf:   00 00 4d 89 97 30 03 00 00 c5 f8 77 49 81 7f 08
0x00007fdc9081deef:   00 00 00 00 0f 84 05 00 00 00 e9 02 2d ff ff 4c
0x00007fdc9081deff:   8b 6d c0 4c 8b 75 c8 c3 4c 8b 6d c0 e8 05 00 00
0x00007fdc9081df0f:   00 e9 92 00 00 00 48 8d 44 24 08 4c 89 6d c0 49
0x00007fdc9081df1f:   8b ff c5 f8 77 49 89 af 38 03 00 00 49 89 87 28
0x00007fdc9081df2f:   03 00 00 f7 c4 0f 00 00 00 0f 84 12 00 00 00 48 


Stack slot to memory mapping:
stack at sp + 0 slots: 0x0000000000000001 is an unknown value
stack at sp + 1 slots: 0x0 is NULL
stack at sp + 2 slots: 0xe9c20f76e9c20f5e is an unknown value
stack at sp + 3 slots: 0x0000000000000001 is an unknown value
stack at sp + 4 slots: 0xe9c20f7ce9c213bf is an unknown value
stack at sp + 5 slots: 0x0000000000000001 is an unknown value
stack at sp + 6 slots: 0x000000000007940a is an unknown value
stack at sp + 7 slots: 0x0000000000000001 is an unknown value

exception handling  [0x00007fdc9081d240, 0x00007fdc9081e160]  3872 bytes

---------------  P R O C E S S  ---------------

Threads class SMR info:
_java_thread_list=0x00007fdca81eaff0, length=9, elements={
0x00007fdca8016800, 0x00007fdca817c000, 0x00007fdca817e000, 0x00007fdca8186800,
0x00007fdca8188800, 0x00007fdca818a800, 0x00007fdca818c800, 0x00007fdca818e800,
0x00007fdca81e9800
}

Java Threads: ( => current thread )
=>0x00007fdca8016800 JavaThread "main" [_thread_in_Java, id=12538, stack(0x00007fdcb1ca0000,0x00007fdcb1da1000)]
  0x00007fdca817c000 JavaThread "Reference Handler" daemon [_thread_blocked, id=12545, stack(0x00007fdc7f1a0000,0x00007fdc7f2a1000)]
  0x00007fdca817e000 JavaThread "Finalizer" daemon [_thread_blocked, id=12546, stack(0x00007fdc7f090000,0x00007fdc7f191000)]
  0x00007fdca8186800 JavaThread "Signal Dispatcher" daemon [_thread_blocked, id=12547, stack(0x00007fdc7ec80000,0x00007fdc7ed81000)]
  0x00007fdca8188800 JavaThread "Service Thread" daemon [_thread_blocked, id=12548, stack(0x00007fdc7eb70000,0x00007fdc7ec71000)]
  0x00007fdca818a800 JavaThread "C2 CompilerThread0" daemon [_thread_blocked, id=12549, stack(0x00007fdc7ea60000,0x00007fdc7eb61000)]
  0x00007fdca818c800 JavaThread "C1 CompilerThread0" daemon [_thread_blocked, id=12550, stack(0x00007fdc7e950000,0x00007fdc7ea51000)]
  0x00007fdca818e800 JavaThread "Sweeper thread" daemon [_thread_blocked, id=12551, stack(0x00007fdc7e840000,0x00007fdc7e941000)]
  0x00007fdca81e9800 JavaThread "Common-Cleaner" daemon [_thread_blocked, id=12553, stack(0x00007fdc7e620000,0x00007fdc7e721000)]

Other Threads:
  0x00007fdca8179000 VMThread "VM Thread" [stack: 0x00007fdc7f2b2000,0x00007fdc7f3b2000] [id=12544]
  0x00007fdca81e7000 WatcherThread [stack: 0x00007fdc7e732000,0x00007fdc7e832000] [id=12552]
  0x00007fdca802f000 GCTaskThread "GC Thread#0" [stack: 0x00007fdcadc22000,0x00007fdcadd22000] [id=12539]
  0x00007fdca8078800 ConcurrentGCThread "G1 Main Marker" [stack: 0x00007fdc90702000,0x00007fdc90802000] [id=12540]
  0x00007fdca807a000 ConcurrentGCThread "G1 Conc#0" [stack: 0x00007fdc905f2000,0x00007fdc906f2000] [id=12541]
  0x00007fdca8140000 ConcurrentGCThread "G1 Refine#0" [stack: 0x00007fdc7fcd2000,0x00007fdc7fdd2000] [id=12542]
  0x00007fdca8141800 ConcurrentGCThread "G1 Young RemSet Sampling" [stack: 0x00007fdc7fbc2000,0x00007fdc7fcc2000] [id=12543]

Threads with active compile tasks:

VM state:not at safepoint (normal execution)

VM Mutex/Monitor currently owned by a thread: None

Heap address: 0x0000000742400000, size: 3036 MB, Compressed Oops mode: Zero based, Oop shift amount: 3
Narrow klass base: 0x0000000800000000, Narrow klass shift: 3
Compressed class space size: 1073741824 Address: 0x0000000840000000

Heap:
 garbage-first heap   total 196608K, used 712K [0x0000000742400000, 0x0000000800000000)
  region size 1024K, 1 young (1024K), 0 survivors (0K)
 Metaspace       used 198K, capacity 4486K, committed 4864K, reserved 1056768K
  class space    used 9K, capacity 386K, committed 512K, reserved 1048576K
Heap Regions: E=young(eden), S=young(survivor), O=old, HS=humongous(starts), HC=humongous(continues), CS=collection set, F=free, A=archive, TAMS=top-at-mark-start (previous, next)
|   0|0x0000000742400000, 0x0000000742400000, 0x0000000742500000|  0%| F|  |TAMS 0x0000000742400000, 0x0000000742400000| Untracked 
|   1|0x0000000742500000, 0x0000000742500000, 0x0000000742600000|  0%| F|  |TAMS 0x0000000742500000, 0x0000000742500000| Untracked 
|   2|0x0000000742600000, 0x0000000742600000, 0x0000000742700000|  0%| F|  |TAMS 0x0000000742600000, 0x0000000742600000| Untracked 
|   3|0x0000000742700000, 0x0000000742700000, 0x0000000742800000|  0%| F|  |TAMS 0x0000000742700000, 0x0000000742700000| Untracked 
|   4|0x0000000742800000, 0x0000000742800000, 0x0000000742900000|  0%| F|  |TAMS 0x0000000742800000, 0x0000000742800000| Untracked 
|   5|0x0000000742900000, 0x0000000742900000, 0x0000000742a00000|  0%| F|  |TAMS 0x0000000742900000, 0x0000000742900000| Untracked 
|   6|0x0000000742a00000, 0x0000000742a00000, 0x0000000742b00000|  0%| F|  |TAMS 0x0000000742a00000, 0x0000000742a00000| Untracked 
|   7|0x0000000742b00000, 0x0000000742b00000, 0x0000000742c00000|  0%| F|  |TAMS 0x0000000742b00000, 0x0000000742b00000| Untracked 
|   8|0x0000000742c00000, 0x0000000742c00000, 0x0000000742d00000|  0%| F|  |TAMS 0x0000000742c00000, 0x0000000742c00000| Untracked 
|   9|0x0000000742d00000, 0x0000000742d00000, 0x0000000742e00000|  0%| F|  |TAMS 0x0000000742d00000, 0x0000000742d00000| Untracked 
|  10|0x0000000742e00000, 0x0000000742e00000, 0x0000000742f00000|  0%| F|  |TAMS 0x0000000742e00000, 0x0000000742e00000| Untracked 
|  11|0x0000000742f00000, 0x0000000742f00000, 0x0000000743000000|  0%| F|  |TAMS 0x0000000742f00000, 0x0000000742f00000| Untracked 
|  12|0x0000000743000000, 0x0000000743000000, 0x0000000743100000|  0%| F|  |TAMS 0x0000000743000000, 0x0000000743000000| Untracked 
|  13|0x0000000743100000, 0x0000000743100000, 0x0000000743200000|  0%| F|  |TAMS 0x0000000743100000, 0x0000000743100000| Untracked 
|  14|0x0000000743200000, 0x0000000743200000, 0x0000000743300000|  0%| F|  |TAMS 0x0000000743200000, 0x0000000743200000| Untracked 
|  15|0x0000000743300000, 0x0000000743300000, 0x0000000743400000|  0%| F|  |TAMS 0x0000000743300000, 0x0000000743300000| Untracked 
|  16|0x0000000743400000, 0x0000000743400000, 0x0000000743500000|  0%| F|  |TAMS 0x0000000743400000, 0x0000000743400000| Untracked 
|  17|0x0000000743500000, 0x0000000743500000, 0x0000000743600000|  0%| F|  |TAMS 0x0000000743500000, 0x0000000743500000| Untracked 
|  18|0x0000000743600000, 0x0000000743600000, 0x0000000743700000|  0%| F|  |TAMS 0x0000000743600000, 0x0000000743600000| Untracked 
|  19|0x0000000743700000, 0x0000000743700000, 0x0000000743800000|  0%| F|  |TAMS 0x0000000743700000, 0x0000000743700000| Untracked 
|  20|0x0000000743800000, 0x0000000743800000, 0x0000000743900000|  0%| F|  |TAMS 0x0000000743800000, 0x0000000743800000| Untracked 
|  21|0x0000000743900000, 0x0000000743900000, 0x0000000743a00000|  0%| F|  |TAMS 0x0000000743900000, 0x0000000743900000| Untracked 
|  22|0x0000000743a00000, 0x0000000743a00000, 0x0000000743b00000|  0%| F|  |TAMS 0x0000000743a00000, 0x0000000743a00000| Untracked 
|  23|0x0000000743b00000, 0x0000000743b00000, 0x0000000743c00000|  0%| F|  |TAMS 0x0000000743b00000, 0x0000000743b00000| Untracked 
|  24|0x0000000743c00000, 0x0000000743c00000, 0x0000000743d00000|  0%| F|  |TAMS 0x0000000743c00000, 0x0000000743c00000| Untracked 
|  25|0x0000000743d00000, 0x0000000743d00000, 0x0000000743e00000|  0%| F|  |TAMS 0x0000000743d00000, 0x0000000743d00000| Untracked 
|  26|0x0000000743e00000, 0x0000000743e00000, 0x0000000743f00000|  0%| F|  |TAMS 0x0000000743e00000, 0x0000000743e00000| Untracked 
|  27|0x0000000743f00000, 0x0000000743f00000, 0x0000000744000000|  0%| F|  |TAMS 0x0000000743f00000, 0x0000000743f00000| Untracked 
|  28|0x0000000744000000, 0x0000000744000000, 0x0000000744100000|  0%| F|  |TAMS 0x0000000744000000, 0x0000000744000000| Untracked 
|  29|0x0000000744100000, 0x0000000744100000, 0x0000000744200000|  0%| F|  |TAMS 0x0000000744100000, 0x0000000744100000| Untracked 
|  30|0x0000000744200000, 0x0000000744200000, 0x0000000744300000|  0%| F|  |TAMS 0x0000000744200000, 0x0000000744200000| Untracked 
|  31|0x0000000744300000, 0x0000000744300000, 0x0000000744400000|  0%| F|  |TAMS 0x0000000744300000, 0x0000000744300000| Untracked 
|  32|0x0000000744400000, 0x0000000744400000, 0x0000000744500000|  0%| F|  |TAMS 0x0000000744400000, 0x0000000744400000| Untracked 
|  33|0x0000000744500000, 0x0000000744500000, 0x0000000744600000|  0%| F|  |TAMS 0x0000000744500000, 0x0000000744500000| Untracked 
|  34|0x0000000744600000, 0x0000000744600000, 0x0000000744700000|  0%| F|  |TAMS 0x0000000744600000, 0x0000000744600000| Untracked 
|  35|0x0000000744700000, 0x0000000744700000, 0x0000000744800000|  0%| F|  |TAMS 0x0000000744700000, 0x0000000744700000| Untracked 
|  36|0x0000000744800000, 0x0000000744800000, 0x0000000744900000|  0%| F|  |TAMS 0x0000000744800000, 0x0000000744800000| Untracked 
|  37|0x0000000744900000, 0x0000000744900000, 0x0000000744a00000|  0%| F|  |TAMS 0x0000000744900000, 0x0000000744900000| Untracked 
|  38|0x0000000744a00000, 0x0000000744a00000, 0x0000000744b00000|  0%| F|  |TAMS 0x0000000744a00000, 0x0000000744a00000| Untracked 
|  39|0x0000000744b00000, 0x0000000744b00000, 0x0000000744c00000|  0%| F|  |TAMS 0x0000000744b00000, 0x0000000744b00000| Untracked 
|  40|0x0000000744c00000, 0x0000000744c00000, 0x0000000744d00000|  0%| F|  |TAMS 0x0000000744c00000, 0x0000000744c00000| Untracked 
|  41|0x0000000744d00000, 0x0000000744d00000, 0x0000000744e00000|  0%| F|  |TAMS 0x0000000744d00000, 0x0000000744d00000| Untracked 
|  42|0x0000000744e00000, 0x0000000744e00000, 0x0000000744f00000|  0%| F|  |TAMS 0x0000000744e00000, 0x0000000744e00000| Untracked 
|  43|0x0000000744f00000, 0x0000000744f00000, 0x0000000745000000|  0%| F|  |TAMS 0x0000000744f00000, 0x0000000744f00000| Untracked 
|  44|0x0000000745000000, 0x0000000745000000, 0x0000000745100000|  0%| F|  |TAMS 0x0000000745000000, 0x0000000745000000| Untracked 
|  45|0x0000000745100000, 0x0000000745100000, 0x0000000745200000|  0%| F|  |TAMS 0x0000000745100000, 0x0000000745100000| Untracked 
|  46|0x0000000745200000, 0x0000000745200000, 0x0000000745300000|  0%| F|  |TAMS 0x0000000745200000, 0x0000000745200000| Untracked 
|  47|0x0000000745300000, 0x0000000745300000, 0x0000000745400000|  0%| F|  |TAMS 0x0000000745300000, 0x0000000745300000| Untracked 
|  48|0x0000000745400000, 0x0000000745400000, 0x0000000745500000|  0%| F|  |TAMS 0x0000000745400000, 0x0000000745400000| Untracked 
|  49|0x0000000745500000, 0x0000000745500000, 0x0000000745600000|  0%| F|  |TAMS 0x0000000745500000, 0x0000000745500000| Untracked 
|  50|0x0000000745600000, 0x0000000745600000, 0x0000000745700000|  0%| F|  |TAMS 0x0000000745600000, 0x0000000745600000| Untracked 
|  51|0x0000000745700000, 0x0000000745700000, 0x0000000745800000|  0%| F|  |TAMS 0x0000000745700000, 0x0000000745700000| Untracked 
|  52|0x0000000745800000, 0x0000000745800000, 0x0000000745900000|  0%| F|  |TAMS 0x0000000745800000, 0x0000000745800000| Untracked 
|  53|0x0000000745900000, 0x0000000745900000, 0x0000000745a00000|  0%| F|  |TAMS 0x0000000745900000, 0x0000000745900000| Untracked 
|  54|0x0000000745a00000, 0x0000000745a00000, 0x0000000745b00000|  0%| F|  |TAMS 0x0000000745a00000, 0x0000000745a00000| Untracked 
|  55|0x0000000745b00000, 0x0000000745b00000, 0x0000000745c00000|  0%| F|  |TAMS 0x0000000745b00000, 0x0000000745b00000| Untracked 
|  56|0x0000000745c00000, 0x0000000745c00000, 0x0000000745d00000|  0%| F|  |TAMS 0x0000000745c00000, 0x0000000745c00000| Untracked 
|  57|0x0000000745d00000, 0x0000000745d00000, 0x0000000745e00000|  0%| F|  |TAMS 0x0000000745d00000, 0x0000000745d00000| Untracked 
|  58|0x0000000745e00000, 0x0000000745e00000, 0x0000000745f00000|  0%| F|  |TAMS 0x0000000745e00000, 0x0000000745e00000| Untracked 
|  59|0x0000000745f00000, 0x0000000745f00000, 0x0000000746000000|  0%| F|  |TAMS 0x0000000745f00000, 0x0000000745f00000| Untracked 
|  60|0x0000000746000000, 0x0000000746000000, 0x0000000746100000|  0%| F|  |TAMS 0x0000000746000000, 0x0000000746000000| Untracked 
|  61|0x0000000746100000, 0x0000000746100000, 0x0000000746200000|  0%| F|  |TAMS 0x0000000746100000, 0x0000000746100000| Untracked 
|  62|0x0000000746200000, 0x0000000746200000, 0x0000000746300000|  0%| F|  |TAMS 0x0000000746200000, 0x0000000746200000| Untracked 
|  63|0x0000000746300000, 0x0000000746300000, 0x0000000746400000|  0%| F|  |TAMS 0x0000000746300000, 0x0000000746300000| Untracked 
|  64|0x0000000746400000, 0x0000000746400000, 0x0000000746500000|  0%| F|  |TAMS 0x0000000746400000, 0x0000000746400000| Untracked 
|  65|0x0000000746500000, 0x0000000746500000, 0x0000000746600000|  0%| F|  |TAMS 0x0000000746500000, 0x0000000746500000| Untracked 
|  66|0x0000000746600000, 0x0000000746600000, 0x0000000746700000|  0%| F|  |TAMS 0x0000000746600000, 0x0000000746600000| Untracked 
|  67|0x0000000746700000, 0x0000000746700000, 0x0000000746800000|  0%| F|  |TAMS 0x0000000746700000, 0x0000000746700000| Untracked 
|  68|0x0000000746800000, 0x0000000746800000, 0x0000000746900000|  0%| F|  |TAMS 0x0000000746800000, 0x0000000746800000| Untracked 
|  69|0x0000000746900000, 0x0000000746900000, 0x0000000746a00000|  0%| F|  |TAMS 0x0000000746900000, 0x0000000746900000| Untracked 
|  70|0x0000000746a00000, 0x0000000746a00000, 0x0000000746b00000|  0%| F|  |TAMS 0x0000000746a00000, 0x0000000746a00000| Untracked 
|  71|0x0000000746b00000, 0x0000000746b00000, 0x0000000746c00000|  0%| F|  |TAMS 0x0000000746b00000, 0x0000000746b00000| Untracked 
|  72|0x0000000746c00000, 0x0000000746c00000, 0x0000000746d00000|  0%| F|  |TAMS 0x0000000746c00000, 0x0000000746c00000| Untracked 
|  73|0x0000000746d00000, 0x0000000746d00000, 0x0000000746e00000|  0%| F|  |TAMS 0x0000000746d00000, 0x0000000746d00000| Untracked 
|  74|0x0000000746e00000, 0x0000000746e00000, 0x0000000746f00000|  0%| F|  |TAMS 0x0000000746e00000, 0x0000000746e00000| Untracked 
|  75|0x0000000746f00000, 0x0000000746f00000, 0x0000000747000000|  0%| F|  |TAMS 0x0000000746f00000, 0x0000000746f00000| Untracked 
|  76|0x0000000747000000, 0x0000000747000000, 0x0000000747100000|  0%| F|  |TAMS 0x0000000747000000, 0x0000000747000000| Untracked 
|  77|0x0000000747100000, 0x0000000747100000, 0x0000000747200000|  0%| F|  |TAMS 0x0000000747100000, 0x0000000747100000| Untracked 
|  78|0x0000000747200000, 0x0000000747200000, 0x0000000747300000|  0%| F|  |TAMS 0x0000000747200000, 0x0000000747200000| Untracked 
|  79|0x0000000747300000, 0x0000000747300000, 0x0000000747400000|  0%| F|  |TAMS 0x0000000747300000, 0x0000000747300000| Untracked 
|  80|0x0000000747400000, 0x0000000747400000, 0x0000000747500000|  0%| F|  |TAMS 0x0000000747400000, 0x0000000747400000| Untracked 
|  81|0x0000000747500000, 0x0000000747500000, 0x0000000747600000|  0%| F|  |TAMS 0x0000000747500000, 0x0000000747500000| Untracked 
|  82|0x0000000747600000, 0x0000000747600000, 0x0000000747700000|  0%| F|  |TAMS 0x0000000747600000, 0x0000000747600000| Untracked 
|  83|0x0000000747700000, 0x0000000747700000, 0x0000000747800000|  0%| F|  |TAMS 0x0000000747700000, 0x0000000747700000| Untracked 
|  84|0x0000000747800000, 0x0000000747800000, 0x0000000747900000|  0%| F|  |TAMS 0x0000000747800000, 0x0000000747800000| Untracked 
|  85|0x0000000747900000, 0x0000000747900000, 0x0000000747a00000|  0%| F|  |TAMS 0x0000000747900000, 0x0000000747900000| Untracked 
|  86|0x0000000747a00000, 0x0000000747a00000, 0x0000000747b00000|  0%| F|  |TAMS 0x0000000747a00000, 0x0000000747a00000| Untracked 
|  87|0x0000000747b00000, 0x0000000747b00000, 0x0000000747c00000|  0%| F|  |TAMS 0x0000000747b00000, 0x0000000747b00000| Untracked 
|  88|0x0000000747c00000, 0x0000000747c00000, 0x0000000747d00000|  0%| F|  |TAMS 0x0000000747c00000, 0x0000000747c00000| Untracked 
|  89|0x0000000747d00000, 0x0000000747d00000, 0x0000000747e00000|  0%| F|  |TAMS 0x0000000747d00000, 0x0000000747d00000| Untracked 
|  90|0x0000000747e00000, 0x0000000747e00000, 0x0000000747f00000|  0%| F|  |TAMS 0x0000000747e00000, 0x0000000747e00000| Untracked 
|  91|0x0000000747f00000, 0x0000000747f00000, 0x0000000748000000|  0%| F|  |TAMS 0x0000000747f00000, 0x0000000747f00000| Untracked 
|  92|0x0000000748000000, 0x0000000748000000, 0x0000000748100000|  0%| F|  |TAMS 0x0000000748000000, 0x0000000748000000| Untracked 
|  93|0x0000000748100000, 0x0000000748100000, 0x0000000748200000|  0%| F|  |TAMS 0x0000000748100000, 0x0000000748100000| Untracked 
|  94|0x0000000748200000, 0x0000000748200000, 0x0000000748300000|  0%| F|  |TAMS 0x0000000748200000, 0x0000000748200000| Untracked 
|  95|0x0000000748300000, 0x0000000748300000, 0x0000000748400000|  0%| F|  |TAMS 0x0000000748300000, 0x0000000748300000| Untracked 
|  96|0x0000000748400000, 0x0000000748400000, 0x0000000748500000|  0%| F|  |TAMS 0x0000000748400000, 0x0000000748400000| Untracked 
|  97|0x0000000748500000, 0x0000000748500000, 0x0000000748600000|  0%| F|  |TAMS 0x0000000748500000, 0x0000000748500000| Untracked 
|  98|0x0000000748600000, 0x0000000748600000, 0x0000000748700000|  0%| F|  |TAMS 0x0000000748600000, 0x0000000748600000| Untracked 
|  99|0x0000000748700000, 0x0000000748700000, 0x0000000748800000|  0%| F|  |TAMS 0x0000000748700000, 0x0000000748700000| Untracked 
| 100|0x0000000748800000, 0x0000000748800000, 0x0000000748900000|  0%| F|  |TAMS 0x0000000748800000, 0x0000000748800000| Untracked 
| 101|0x0000000748900000, 0x0000000748900000, 0x0000000748a00000|  0%| F|  |TAMS 0x0000000748900000, 0x0000000748900000| Untracked 
| 102|0x0000000748a00000, 0x0000000748a00000, 0x0000000748b00000|  0%| F|  |TAMS 0x0000000748a00000, 0x0000000748a00000| Untracked 
| 103|0x0000000748b00000, 0x0000000748b00000, 0x0000000748c00000|  0%| F|  |TAMS 0x0000000748b00000, 0x0000000748b00000| Untracked 
| 104|0x0000000748c00000, 0x0000000748c00000, 0x0000000748d00000|  0%| F|  |TAMS 0x0000000748c00000, 0x0000000748c00000| Untracked 
| 105|0x0000000748d00000, 0x0000000748d00000, 0x0000000748e00000|  0%| F|  |TAMS 0x0000000748d00000, 0x0000000748d00000| Untracked 
| 106|0x0000000748e00000, 0x0000000748e00000, 0x0000000748f00000|  0%| F|  |TAMS 0x0000000748e00000, 0x0000000748e00000| Untracked 
| 107|0x0000000748f00000, 0x0000000748f00000, 0x0000000749000000|  0%| F|  |TAMS 0x0000000748f00000, 0x0000000748f00000| Untracked 
| 108|0x0000000749000000, 0x0000000749000000, 0x0000000749100000|  0%| F|  |TAMS 0x0000000749000000, 0x0000000749000000| Untracked 
| 109|0x0000000749100000, 0x0000000749100000, 0x0000000749200000|  0%| F|  |TAMS 0x0000000749100000, 0x0000000749100000| Untracked 
| 110|0x0000000749200000, 0x0000000749200000, 0x0000000749300000|  0%| F|  |TAMS 0x0000000749200000, 0x0000000749200000| Untracked 
| 111|0x0000000749300000, 0x0000000749300000, 0x0000000749400000|  0%| F|  |TAMS 0x0000000749300000, 0x0000000749300000| Untracked 
| 112|0x0000000749400000, 0x0000000749400000, 0x0000000749500000|  0%| F|  |TAMS 0x0000000749400000, 0x0000000749400000| Untracked 
| 113|0x0000000749500000, 0x0000000749500000, 0x0000000749600000|  0%| F|  |TAMS 0x0000000749500000, 0x0000000749500000| Untracked 
| 114|0x0000000749600000, 0x0000000749600000, 0x0000000749700000|  0%| F|  |TAMS 0x0000000749600000, 0x0000000749600000| Untracked 
| 115|0x0000000749700000, 0x0000000749700000, 0x0000000749800000|  0%| F|  |TAMS 0x0000000749700000, 0x0000000749700000| Untracked 
| 116|0x0000000749800000, 0x0000000749800000, 0x0000000749900000|  0%| F|  |TAMS 0x0000000749800000, 0x0000000749800000| Untracked 
| 117|0x0000000749900000, 0x0000000749900000, 0x0000000749a00000|  0%| F|  |TAMS 0x0000000749900000, 0x0000000749900000| Untracked 
| 118|0x0000000749a00000, 0x0000000749a00000, 0x0000000749b00000|  0%| F|  |TAMS 0x0000000749a00000, 0x0000000749a00000| Untracked 
| 119|0x0000000749b00000, 0x0000000749b00000, 0x0000000749c00000|  0%| F|  |TAMS 0x0000000749b00000, 0x0000000749b00000| Untracked 
| 120|0x0000000749c00000, 0x0000000749c00000, 0x0000000749d00000|  0%| F|  |TAMS 0x0000000749c00000, 0x0000000749c00000| Untracked 
| 121|0x0000000749d00000, 0x0000000749d00000, 0x0000000749e00000|  0%| F|  |TAMS 0x0000000749d00000, 0x0000000749d00000| Untracked 
| 122|0x0000000749e00000, 0x0000000749e00000, 0x0000000749f00000|  0%| F|  |TAMS 0x0000000749e00000, 0x0000000749e00000| Untracked 
| 123|0x0000000749f00000, 0x0000000749f00000, 0x000000074a000000|  0%| F|  |TAMS 0x0000000749f00000, 0x0000000749f00000| Untracked 
| 124|0x000000074a000000, 0x000000074a000000, 0x000000074a100000|  0%| F|  |TAMS 0x000000074a000000, 0x000000074a000000| Untracked 
| 125|0x000000074a100000, 0x000000074a100000, 0x000000074a200000|  0%| F|  |TAMS 0x000000074a100000, 0x000000074a100000| Untracked 
| 126|0x000000074a200000, 0x000000074a200000, 0x000000074a300000|  0%| F|  |TAMS 0x000000074a200000, 0x000000074a200000| Untracked 
| 127|0x000000074a300000, 0x000000074a300000, 0x000000074a400000|  0%| F|  |TAMS 0x000000074a300000, 0x000000074a300000| Untracked 
| 128|0x000000074a400000, 0x000000074a400000, 0x000000074a500000|  0%| F|  |TAMS 0x000000074a400000, 0x000000074a400000| Untracked 
| 129|0x000000074a500000, 0x000000074a500000, 0x000000074a600000|  0%| F|  |TAMS 0x000000074a500000, 0x000000074a500000| Untracked 
| 130|0x000000074a600000, 0x000000074a600000, 0x000000074a700000|  0%| F|  |TAMS 0x000000074a600000, 0x000000074a600000| Untracked 
| 131|0x000000074a700000, 0x000000074a700000, 0x000000074a800000|  0%| F|  |TAMS 0x000000074a700000, 0x000000074a700000| Untracked 
| 132|0x000000074a800000, 0x000000074a800000, 0x000000074a900000|  0%| F|  |TAMS 0x000000074a800000, 0x000000074a800000| Untracked 
| 133|0x000000074a900000, 0x000000074a900000, 0x000000074aa00000|  0%| F|  |TAMS 0x000000074a900000, 0x000000074a900000| Untracked 
| 134|0x000000074aa00000, 0x000000074aa00000, 0x000000074ab00000|  0%| F|  |TAMS 0x000000074aa00000, 0x000000074aa00000| Untracked 
| 135|0x000000074ab00000, 0x000000074ab00000, 0x000000074ac00000|  0%| F|  |TAMS 0x000000074ab00000, 0x000000074ab00000| Untracked 
| 136|0x000000074ac00000, 0x000000074ac00000, 0x000000074ad00000|  0%| F|  |TAMS 0x000000074ac00000, 0x000000074ac00000| Untracked 
| 137|0x000000074ad00000, 0x000000074ad00000, 0x000000074ae00000|  0%| F|  |TAMS 0x000000074ad00000, 0x000000074ad00000| Untracked 
| 138|0x000000074ae00000, 0x000000074ae00000, 0x000000074af00000|  0%| F|  |TAMS 0x000000074ae00000, 0x000000074ae00000| Untracked 
| 139|0x000000074af00000, 0x000000074af00000, 0x000000074b000000|  0%| F|  |TAMS 0x000000074af00000, 0x000000074af00000| Untracked 
| 140|0x000000074b000000, 0x000000074b000000, 0x000000074b100000|  0%| F|  |TAMS 0x000000074b000000, 0x000000074b000000| Untracked 
| 141|0x000000074b100000, 0x000000074b100000, 0x000000074b200000|  0%| F|  |TAMS 0x000000074b100000, 0x000000074b100000| Untracked 
| 142|0x000000074b200000, 0x000000074b200000, 0x000000074b300000|  0%| F|  |TAMS 0x000000074b200000, 0x000000074b200000| Untracked 
| 143|0x000000074b300000, 0x000000074b300000, 0x000000074b400000|  0%| F|  |TAMS 0x000000074b300000, 0x000000074b300000| Untracked 
| 144|0x000000074b400000, 0x000000074b400000, 0x000000074b500000|  0%| F|  |TAMS 0x000000074b400000, 0x000000074b400000| Untracked 
| 145|0x000000074b500000, 0x000000074b500000, 0x000000074b600000|  0%| F|  |TAMS 0x000000074b500000, 0x000000074b500000| Untracked 
| 146|0x000000074b600000, 0x000000074b600000, 0x000000074b700000|  0%| F|  |TAMS 0x000000074b600000, 0x000000074b600000| Untracked 
| 147|0x000000074b700000, 0x000000074b700000, 0x000000074b800000|  0%| F|  |TAMS 0x000000074b700000, 0x000000074b700000| Untracked 
| 148|0x000000074b800000, 0x000000074b800000, 0x000000074b900000|  0%| F|  |TAMS 0x000000074b800000, 0x000000074b800000| Untracked 
| 149|0x000000074b900000, 0x000000074b900000, 0x000000074ba00000|  0%| F|  |TAMS 0x000000074b900000, 0x000000074b900000| Untracked 
| 150|0x000000074ba00000, 0x000000074ba00000, 0x000000074bb00000|  0%| F|  |TAMS 0x000000074ba00000, 0x000000074ba00000| Untracked 
| 151|0x000000074bb00000, 0x000000074bb00000, 0x000000074bc00000|  0%| F|  |TAMS 0x000000074bb00000, 0x000000074bb00000| Untracked 
| 152|0x000000074bc00000, 0x000000074bc00000, 0x000000074bd00000|  0%| F|  |TAMS 0x000000074bc00000, 0x000000074bc00000| Untracked 
| 153|0x000000074bd00000, 0x000000074bd00000, 0x000000074be00000|  0%| F|  |TAMS 0x000000074bd00000, 0x000000074bd00000| Untracked 
| 154|0x000000074be00000, 0x000000074be00000, 0x000000074bf00000|  0%| F|  |TAMS 0x000000074be00000, 0x000000074be00000| Untracked 
| 155|0x000000074bf00000, 0x000000074bf00000, 0x000000074c000000|  0%| F|  |TAMS 0x000000074bf00000, 0x000000074bf00000| Untracked 
| 156|0x000000074c000000, 0x000000074c000000, 0x000000074c100000|  0%| F|  |TAMS 0x000000074c000000, 0x000000074c000000| Untracked 
| 157|0x000000074c100000, 0x000000074c100000, 0x000000074c200000|  0%| F|  |TAMS 0x000000074c100000, 0x000000074c100000| Untracked 
| 158|0x000000074c200000, 0x000000074c200000, 0x000000074c300000|  0%| F|  |TAMS 0x000000074c200000, 0x000000074c200000| Untracked 
| 159|0x000000074c300000, 0x000000074c300000, 0x000000074c400000|  0%| F|  |TAMS 0x000000074c300000, 0x000000074c300000| Untracked 
| 160|0x000000074c400000, 0x000000074c400000, 0x000000074c500000|  0%| F|  |TAMS 0x000000074c400000, 0x000000074c400000| Untracked 
| 161|0x000000074c500000, 0x000000074c500000, 0x000000074c600000|  0%| F|  |TAMS 0x000000074c500000, 0x000000074c500000| Untracked 
| 162|0x000000074c600000, 0x000000074c600000, 0x000000074c700000|  0%| F|  |TAMS 0x000000074c600000, 0x000000074c600000| Untracked 
| 163|0x000000074c700000, 0x000000074c700000, 0x000000074c800000|  0%| F|  |TAMS 0x000000074c700000, 0x000000074c700000| Untracked 
| 164|0x000000074c800000, 0x000000074c800000, 0x000000074c900000|  0%| F|  |TAMS 0x000000074c800000, 0x000000074c800000| Untracked 
| 165|0x000000074c900000, 0x000000074c900000, 0x000000074ca00000|  0%| F|  |TAMS 0x000000074c900000, 0x000000074c900000| Untracked 
| 166|0x000000074ca00000, 0x000000074ca00000, 0x000000074cb00000|  0%| F|  |TAMS 0x000000074ca00000, 0x000000074ca00000| Untracked 
| 167|0x000000074cb00000, 0x000000074cb00000, 0x000000074cc00000|  0%| F|  |TAMS 0x000000074cb00000, 0x000000074cb00000| Untracked 
| 168|0x000000074cc00000, 0x000000074cc00000, 0x000000074cd00000|  0%| F|  |TAMS 0x000000074cc00000, 0x000000074cc00000| Untracked 
| 169|0x000000074cd00000, 0x000000074cd00000, 0x000000074ce00000|  0%| F|  |TAMS 0x000000074cd00000, 0x000000074cd00000| Untracked 
| 170|0x000000074ce00000, 0x000000074ce00000, 0x000000074cf00000|  0%| F|  |TAMS 0x000000074ce00000, 0x000000074ce00000| Untracked 
| 171|0x000000074cf00000, 0x000000074cf00000, 0x000000074d000000|  0%| F|  |TAMS 0x000000074cf00000, 0x000000074cf00000| Untracked 
| 172|0x000000074d000000, 0x000000074d000000, 0x000000074d100000|  0%| F|  |TAMS 0x000000074d000000, 0x000000074d000000| Untracked 
| 173|0x000000074d100000, 0x000000074d100000, 0x000000074d200000|  0%| F|  |TAMS 0x000000074d100000, 0x000000074d100000| Untracked 
| 174|0x000000074d200000, 0x000000074d200000, 0x000000074d300000|  0%| F|  |TAMS 0x000000074d200000, 0x000000074d200000| Untracked 
| 175|0x000000074d300000, 0x000000074d300000, 0x000000074d400000|  0%| F|  |TAMS 0x000000074d300000, 0x000000074d300000| Untracked 
| 176|0x000000074d400000, 0x000000074d400000, 0x000000074d500000|  0%| F|  |TAMS 0x000000074d400000, 0x000000074d400000| Untracked 
| 177|0x000000074d500000, 0x000000074d500000, 0x000000074d600000|  0%| F|  |TAMS 0x000000074d500000, 0x000000074d500000| Untracked 
| 178|0x000000074d600000, 0x000000074d600000, 0x000000074d700000|  0%| F|  |TAMS 0x000000074d600000, 0x000000074d600000| Untracked 
| 179|0x000000074d700000, 0x000000074d700000, 0x000000074d800000|  0%| F|  |TAMS 0x000000074d700000, 0x000000074d700000| Untracked 
| 180|0x000000074d800000, 0x000000074d800000, 0x000000074d900000|  0%| F|  |TAMS 0x000000074d800000, 0x000000074d800000| Untracked 
| 181|0x000000074d900000, 0x000000074d900000, 0x000000074da00000|  0%| F|  |TAMS 0x000000074d900000, 0x000000074d900000| Untracked 
| 182|0x000000074da00000, 0x000000074da00000, 0x000000074db00000|  0%| F|  |TAMS 0x000000074da00000, 0x000000074da00000| Untracked 
| 183|0x000000074db00000, 0x000000074db00000, 0x000000074dc00000|  0%| F|  |TAMS 0x000000074db00000, 0x000000074db00000| Untracked 
| 184|0x000000074dc00000, 0x000000074dc00000, 0x000000074dd00000|  0%| F|  |TAMS 0x000000074dc00000, 0x000000074dc00000| Untracked 
| 185|0x000000074dd00000, 0x000000074dd00000, 0x000000074de00000|  0%| F|  |TAMS 0x000000074dd00000, 0x000000074dd00000| Untracked 
| 186|0x000000074de00000, 0x000000074de00000, 0x000000074df00000|  0%| F|  |TAMS 0x000000074de00000, 0x000000074de00000| Untracked 
| 187|0x000000074df00000, 0x000000074df00000, 0x000000074e000000|  0%| F|  |TAMS 0x000000074df00000, 0x000000074df00000| Untracked 
| 188|0x000000074e000000, 0x000000074e000000, 0x000000074e100000|  0%| F|  |TAMS 0x000000074e000000, 0x000000074e000000| Untracked 
| 189|0x000000074e100000, 0x000000074e200000, 0x000000074e200000|100%| E|  |TAMS 0x000000074e100000, 0x000000074e100000| Complete 
|2010|0x00000007bfe00000, 0x00000007bfe47000, 0x00000007bff00000| 27%|OA|  |TAMS 0x00000007bfe00000, 0x00000007bfe00000| Untracked 
|2011|0x00000007bff00000, 0x00000007bff6b000, 0x00000007c0000000| 41%|CA|  |TAMS 0x00000007bff00000, 0x00000007bff00000| Untracked 

Card table byte_map: [0x00007fdcac7c0000,0x00007fdcacdae000] _byte_map_base: 0x00007fdca8dae000

Marking Bits (Prev, Next): (CMBitMap*) 0x00007fdca806b9b8, (CMBitMap*) 0x00007fdca806b9f0
 Prev Bits: [0x00007fdc89090000, 0x00007fdc8c000000)
 Next Bits: [0x00007fdc86120000, 0x00007fdc89090000)

Polling page: 0x00007fdcb1c90000

Metaspace:

Usage:
  Non-class:      4.00 MB capacity,   189.84 KB (  5%) used,     3.82 MB ( 95%) free+waste,   128 bytes ( <1%) overhead. 
      Class:    386.00 KB capacity,     9.03 KB (  2%) used,   376.84 KB ( 98%) free+waste,   128 bytes ( <1%) overhead. 
       Both:      4.38 MB capacity,   198.88 KB (  4%) used,     4.19 MB ( 96%) free+waste,   256 bytes ( <1%) overhead. 

Virtual space:
  Non-class space:        8.00 MB reserved,       4.25 MB ( 53%) committed 
      Class space:        1.00 GB reserved,     512.00 KB ( <1%) committed 
             Both:        1.01 GB reserved,       4.75 MB ( <1%) committed 

Chunk freelists:
   Non-Class:  0 bytes
       Class:  0 bytes
        Both:  0 bytes

MaxMetaspaceSize: unlimited
CompressedClassSpaceSize: 1.00 GB
Initial GC threshold: 20.80 MB
Current GC threshold: 20.80 MB
CDS: on

CodeHeap 'non-profiled nmethods': size=120032Kb used=13Kb max_used=13Kb free=120018Kb
 bounds [0x00007fdc982d8000, 0x00007fdc98548000, 0x00007fdc9f810000]
CodeHeap 'profiled nmethods': size=120028Kb used=81Kb max_used=81Kb free=119946Kb
 bounds [0x00007fdc90da1000, 0x00007fdc91011000, 0x00007fdc982d8000]
CodeHeap 'non-nmethods': size=5700Kb used=1022Kb max_used=1030Kb free=4678Kb
 bounds [0x00007fdc90810000, 0x00007fdc90a80000, 0x00007fdc90da1000]
 total_blobs=303 nmethods=58 adapters=159
 compilation: enabled
              stopped_count=0, restarted_count=0
 full_count=0

Compilation events (20 events):
Event: 0.171 Thread 0x00007fdca818a800   54       4       java.util.ImmutableCollections$SetN$SetNIterator::nextIndex (56 bytes)
Event: 0.172 Thread 0x00007fdca818c800 nmethod 48 0x00007fdc90db0a90 code [0x00007fdc90db0d60, 0x00007fdc90db2300]
Event: 0.172 Thread 0x00007fdca818c800   49       3       jdk.internal.module.ModuleBootstrap$2::hasNext (30 bytes)
Event: 0.172 Thread 0x00007fdca818c800 nmethod 49 0x00007fdc90db2790 code [0x00007fdc90db2960, 0x00007fdc90db2cb0]
Event: 0.172 Thread 0x00007fdca818c800   50       3       jdk.internal.module.ModuleBootstrap$2::next (52 bytes)
Event: 0.173 Thread 0x00007fdca818c800 nmethod 50 0x00007fdc90db2d90 code [0x00007fdc90db2fa0, 0x00007fdc90db3520]
Event: 0.173 Thread 0x00007fdca818c800   51       3       java.util.HashMap::putIfAbsent (13 bytes)
Event: 0.174 Thread 0x00007fdca818c800 nmethod 51 0x00007fdc90db3690 code [0x00007fdc90db3860, 0x00007fdc90db3b70]
Event: 0.174 Thread 0x00007fdca818c800   47       1       java.lang.module.ModuleDescriptor::isOpen (5 bytes)
Event: 0.174 Thread 0x00007fdca818a800 nmethod 54 0x00007fdc982dae10 code [0x00007fdc982dafa0, 0x00007fdc982db038]
Event: 0.174 Thread 0x00007fdca818c800 nmethod 47 0x00007fdc982db110 code [0x00007fdc982db2c0, 0x00007fdc982db390]
Event: 0.174 Thread 0x00007fdca818c800   55       1       java.lang.Module::getDescriptor (5 bytes)
Event: 0.174 Thread 0x00007fdca818c800 nmethod 55 0x00007fdc982db410 code [0x00007fdc982db5c0, 0x00007fdc982db690]
Event: 0.174 Thread 0x00007fdca818c800   45       3       java.util.HashSet::add (20 bytes)
Event: 0.175 Thread 0x00007fdca818c800 nmethod 45 0x00007fdc90db3c90 code [0x00007fdc90db3e80, 0x00007fdc90db42f0]
Event: 0.181 Thread 0x00007fdca818c800   56       3       java.lang.String::charAt (25 bytes)
Event: 0.182 Thread 0x00007fdca818c800 nmethod 56 0x00007fdc90db4490 code [0x00007fdc90db46a0, 0x00007fdc90db4bd0]
Event: 0.182 Thread 0x00007fdca818c800   57       3       java.lang.CharacterDataLatin1::getProperties (11 bytes)
Event: 0.182 Thread 0x00007fdca818c800 nmethod 57 0x00007fdc90db4e10 code [0x00007fdc90db4fc0, 0x00007fdc90db5110]
Event: 0.191 Thread 0x00007fdca818c800   58       3       java.lang.StringLatin1::canEncode (13 bytes)

GC Heap History (0 events):
No events

Deoptimization events (0 events):
No events

Classes redefined (0 events):
No events

Internal exceptions (1 events):
Event: 0.191 Thread 0x00007fdca8016800 Exception <a 'java/lang/IllegalMonitorStateException'{0x000000074e150cc8}> (0x000000074e150cc8) thrown at [src/hotspot/share/interpreter/interpreterRuntime.cpp, line 795]

Events (20 events):
Event: 0.177 loading class jdk/internal/loader/URLClassPath$FileLoader
Event: 0.178 loading class jdk/internal/loader/URLClassPath$FileLoader done
Event: 0.178 loading class sun/nio/cs/ThreadLocalCoders
Event: 0.179 loading class sun/nio/cs/ThreadLocalCoders done
Event: 0.179 loading class sun/nio/cs/ThreadLocalCoders$1
Event: 0.179 loading class sun/nio/cs/ThreadLocalCoders$Cache
Event: 0.179 loading class sun/nio/cs/ThreadLocalCoders$Cache done
Event: 0.179 loading class sun/nio/cs/ThreadLocalCoders$1 done
Event: 0.179 loading class sun/nio/cs/ThreadLocalCoders$2
Event: 0.179 loading class sun/nio/cs/ThreadLocalCoders$2 done
Event: 0.179 loading class sun/nio/cs/UTF_8$Decoder
Event: 0.180 loading class java/nio/charset/CharsetDecoder
Event: 0.180 loading class java/nio/charset/CharsetDecoder done
Event: 0.180 loading class sun/nio/cs/UTF_8$Decoder done
Event: 0.182 loading class jdk/internal/loader/URLClassPath$FileLoader$1
Event: 0.183 loading class jdk/internal/loader/URLClassPath$FileLoader$1 done
Event: 0.186 Thread 0x00007fdca81e9800 Thread added: 0x00007fdca81e9800
Event: 0.186 Protecting memory [0x00007fdc7e620000,0x00007fdc7e624000] with protection modes 0
Event: 0.186 Executing VM operation: RevokeBias
Event: 0.187 Executing VM operation: RevokeBias done


Dynamic libraries:
742400000-74e200000 rw-p 00000000 00:00 0
74e200000-7bfe00000 ---p 00000000 00:00 0
7bfe00000-7bfe47000 rw-p 01119000 00:00 1045883                  /usr/lib/jvm/java-11-openjdk-amd64/lib/server/classes.jsa
7bfe47000-7bff00000 rw-p 00000000 00:00 0
7bff00000-7bff6b000 rw-p 010ae000 00:00 1045883                  /usr/lib/jvm/java-11-openjdk-amd64/lib/server/classes.jsa
7bff6b000-7c0000000 rw-p 00000000 00:00 0
7c0000000-800000000 ---p 00000000 00:00 0
800000000-800002000 rwxp 00001000 00:00 1045883                  /usr/lib/jvm/java-11-openjdk-amd64/lib/server/classes.jsa
800002000-8003cb000 rw-p 00003000 00:00 1045883                  /usr/lib/jvm/java-11-openjdk-amd64/lib/server/classes.jsa
8003cb000-800a9a000 r--p 003cc000 00:00 1045883                  /usr/lib/jvm/java-11-openjdk-amd64/lib/server/classes.jsa
800a9a000-800a9b000 rw-p 00a9b000 00:00 1045883                  /usr/lib/jvm/java-11-openjdk-amd64/lib/server/classes.jsa
800a9b000-8010ad000 r--p 00a9c000 00:00 1045883                  /usr/lib/jvm/java-11-openjdk-amd64/lib/server/classes.jsa
840000000-840080000 rw-p 00000000 00:00 0
840080000-880000000 ---p 00000000 00:00 0
7fdc44000000-7fdc44021000 rw-p 00000000 00:00 0
7fdc44021000-7fdc48000000 ---p 00000000 00:00 0
7fdc4c000000-7fdc4c021000 rw-p 00000000 00:00 0
7fdc4c021000-7fdc50000000 ---p 00000000 00:00 0
7fdc50000000-7fdc50021000 rw-p 00000000 00:00 0
7fdc50021000-7fdc54000000 ---p 00000000 00:00 0
7fdc54000000-7fdc54086000 rw-p 00000000 00:00 0
7fdc54086000-7fdc58000000 ---p 00000000 00:00 0
7fdc58000000-7fdc58075000 rw-p 00000000 00:00 0
7fdc58075000-7fdc5c000000 ---p 00000000 00:00 0
7fdc5c000000-7fdc5c021000 rw-p 00000000 00:00 0
7fdc5c021000-7fdc60000000 ---p 00000000 00:00 0
7fdc60000000-7fdc60021000 rw-p 00000000 00:00 0
7fdc60021000-7fdc64000000 ---p 00000000 00:00 0
7fdc64000000-7fdc64021000 rw-p 00000000 00:00 0
7fdc64021000-7fdc68000000 ---p 00000000 00:00 0
7fdc68000000-7fdc68021000 rw-p 00000000 00:00 0
7fdc68021000-7fdc6c000000 ---p 00000000 00:00 0
7fdc6c000000-7fdc6c021000 rw-p 00000000 00:00 0
7fdc6c021000-7fdc70000000 ---p 00000000 00:00 0
7fdc70000000-7fdc70021000 rw-p 00000000 00:00 0
7fdc70021000-7fdc74000000 ---p 00000000 00:00 0
7fdc74000000-7fdc74021000 rw-p 00000000 00:00 0
7fdc74021000-7fdc78000000 ---p 00000000 00:00 0
7fdc78000000-7fdc78021000 rw-p 00000000 00:00 0
7fdc78021000-7fdc7c000000 ---p 00000000 00:00 0
7fdc7e620000-7fdc7e624000 ---p 00000000 00:00 0
7fdc7e624000-7fdc7e721000 rw-p 00000000 00:00 0
7fdc7e730000-7fdc7e731000 ---p 00000000 00:00 0
7fdc7e731000-7fdc7e832000 rw-p 00000000 00:00 0
7fdc7e840000-7fdc7e844000 ---p 00000000 00:00 0
7fdc7e844000-7fdc7e941000 rw-p 00000000 00:00 0
7fdc7e950000-7fdc7e954000 ---p 00000000 00:00 0
7fdc7e954000-7fdc7ea51000 rw-p 00000000 00:00 0
7fdc7ea60000-7fdc7ea64000 ---p 00000000 00:00 0
7fdc7ea64000-7fdc7eb61000 rw-p 00000000 00:00 0
7fdc7eb70000-7fdc7eb74000 ---p 00000000 00:00 0
7fdc7eb74000-7fdc7ec71000 rw-p 00000000 00:00 0
7fdc7ec80000-7fdc7ec84000 ---p 00000000 00:00 0
7fdc7ec84000-7fdc7ed81000 rw-p 00000000 00:00 0
7fdc7ed82000-7fdc7eef5000 r--p 00000000 00:00 188683             /usr/lib/locale/C.UTF-8/LC_COLLATE
7fdc7eef5000-7fdc7f090000 r--p 00000000 00:00 188695             /usr/lib/locale/locale-archive
7fdc7f090000-7fdc7f094000 ---p 00000000 00:00 0
7fdc7f094000-7fdc7f191000 rw-p 00000000 00:00 0
7fdc7f1a0000-7fdc7f1a4000 ---p 00000000 00:00 0
7fdc7f1a4000-7fdc7f2a1000 rw-p 00000000 00:00 0
7fdc7f2b0000-7fdc7f2b1000 ---p 00000000 00:00 0
7fdc7f2b1000-7fdc7f3b2000 rw-p 00000000 00:00 0
7fdc7f3c0000-7fdc7f800000 rw-p 00000000 00:00 0
7fdc7f800000-7fdc7fbc1000 ---p 00000000 00:00 0
7fdc7fbc1000-7fdc7fcc2000 rw-p 00000000 00:00 0
7fdc7fcd0000-7fdc7fcd1000 ---p 00000000 00:00 0
7fdc7fcd1000-7fdc7fdd2000 rw-p 00000000 00:00 0
7fdc7fde0000-7fdc7fee1000 rw-p 00000000 00:00 0
7fdc7fef0000-7fdc7fff1000 rw-p 00000000 00:00 0
7fdc80000000-7fdc80021000 rw-p 00000000 00:00 0
7fdc80021000-7fdc84000000 ---p 00000000 00:00 0
7fdc84010000-7fdc84111000 rw-p 00000000 00:00 0
7fdc84120000-7fdc86418000 rw-p 00000000 00:00 0
7fdc86418000-7fdc88088000 ---p 00000000 00:00 0
7fdc88088000-7fdc88090000 rw-p 00000000 00:00 0
7fdc88090000-7fdc89090000 ---p 00000000 00:00 0
7fdc89090000-7fdc89388000 rw-p 00000000 00:00 0
7fdc89388000-7fdc8aff8000 ---p 00000000 00:00 0
7fdc8aff8000-7fdc8b000000 rw-p 00000000 00:00 0
7fdc8b000000-7fdc8c000000 ---p 00000000 00:00 0
7fdc8c000000-7fdc8c021000 rw-p 00000000 00:00 0
7fdc8c021000-7fdc90000000 ---p 00000000 00:00 0
7fdc90010000-7fdc90091000 rw-p 00000000 00:00 0
7fdc900a0000-7fdc901a1000 rw-p 00000000 00:00 0
7fdc901b0000-7fdc902b1000 rw-p 00000000 00:00 0
7fdc902c0000-7fdc903c1000 rw-p 00000000 00:00 0
7fdc903d0000-7fdc904d1000 rw-p 00000000 00:00 0
7fdc904e0000-7fdc905e1000 rw-p 00000000 00:00 0
7fdc905f0000-7fdc905f1000 ---p 00000000 00:00 0
7fdc905f1000-7fdc906f2000 rw-p 00000000 00:00 0
7fdc90700000-7fdc90701000 ---p 00000000 00:00 0
7fdc90701000-7fdc90802000 rw-p 00000000 00:00 0
7fdc90810000-7fdc90a80000 rwxp 00000000 00:00 0
7fdc90a80000-7fdc90da1000 ---p 00000000 00:00 0
7fdc90da1000-7fdc91011000 rwxp 00000000 00:00 0
7fdc91011000-7fdc982d8000 ---p 00000000 00:00 0
7fdc982d8000-7fdc98548000 rwxp 00000000 00:00 0
7fdc98548000-7fdc9f810000 ---p 00000000 00:00 0
7fdc9f81e000-7fdca8000000 r--s 00000000 00:00 1038026            /usr/lib/jvm/java-11-openjdk-amd64/lib/modules
7fdca8000000-7fdca81f6000 rw-p 00000000 00:00 0
7fdca81f6000-7fdcac000000 ---p 00000000 00:00 0
7fdcac00f000-7fdcac040000 r--p 00000000 00:00 188684             /usr/lib/locale/C.UTF-8/LC_CTYPE
7fdcac040000-7fdcac09b000 rw-p 00000000 00:00 0
7fdcac0a0000-7fdcac0c8000 rw-p 00000000 00:00 0
7fdcac0d0000-7fdcac0f1000 rw-p 00000000 00:00 0
7fdcac100000-7fdcac1c4000 rw-p 00000000 00:00 0
7fdcac1d0000-7fdcac22f000 rw-p 00000000 00:00 0
7fdcac22f000-7fdcac5bd000 ---p 00000000 00:00 0
7fdcac5bd000-7fdcac5be000 rw-p 00000000 00:00 0
7fdcac5be000-7fdcac7be000 ---p 00000000 00:00 0
7fdcac7c0000-7fdcac81f000 rw-p 00000000 00:00 0
7fdcac81f000-7fdcacbad000 ---p 00000000 00:00 0
7fdcacbad000-7fdcacbae000 rw-p 00000000 00:00 0
7fdcacbae000-7fdcacdae000 ---p 00000000 00:00 0
7fdcacdb0000-7fdcace0f000 rw-p 00000000 00:00 0
7fdcace0f000-7fdcad19d000 ---p 00000000 00:00 0
7fdcad19d000-7fdcad19e000 rw-p 00000000 00:00 0
7fdcad19e000-7fdcad39e000 ---p 00000000 00:00 0
7fdcad3a0000-7fdcad4a1000 rw-p 00000000 00:00 0
7fdcad4b0000-7fdcad5b1000 rw-p 00000000 00:00 0
7fdcad5c0000-7fdcad6c1000 rw-p 00000000 00:00 0
7fdcad6d0000-7fdcad7d1000 rw-p 00000000 00:00 0
7fdcad7e0000-7fdcad8e1000 rw-p 00000000 00:00 0
7fdcad8f0000-7fdcad9f1000 rw-p 00000000 00:00 0
7fdcada00000-7fdcadb01000 rw-p 00000000 00:00 0
7fdcadb10000-7fdcadc11000 rw-p 00000000 00:00 0
7fdcadc20000-7fdcadc21000 ---p 00000000 00:00 0
7fdcadc21000-7fdcadd22000 rw-p 00000000 00:00 0
7fdcadd30000-7fdcadd37000 r-xp 00000000 00:00 1037985            /usr/lib/jvm/java-11-openjdk-amd64/lib/libzip.so
7fdcadd37000-7fdcadd39000 ---p 00007000 00:00 1037985            /usr/lib/jvm/java-11-openjdk-amd64/lib/libzip.so
7fdcadd39000-7fdcadf37000 ---p 00009000 00:00 1037985            /usr/lib/jvm/java-11-openjdk-amd64/lib/libzip.so
7fdcadf37000-7fdcadf38000 r--p 00007000 00:00 1037985            /usr/lib/jvm/java-11-openjdk-amd64/lib/libzip.so
7fdcadf38000-7fdcadf39000 rw-p 00008000 00:00 1037985            /usr/lib/jvm/java-11-openjdk-amd64/lib/libzip.so
7fdcadf40000-7fdcadf4b000 r-xp 00000000 00:00 230856             /lib/x86_64-linux-gnu/libnss_files-2.27.so
7fdcadf4b000-7fdcadf4c000 ---p 0000b000 00:00 230856             /lib/x86_64-linux-gnu/libnss_files-2.27.so
7fdcadf4c000-7fdcae14a000 ---p 0000c000 00:00 230856             /lib/x86_64-linux-gnu/libnss_files-2.27.so
7fdcae14a000-7fdcae14b000 r--p 0000a000 00:00 230856             /lib/x86_64-linux-gnu/libnss_files-2.27.so
7fdcae14b000-7fdcae14c000 rw-p 0000b000 00:00 230856             /lib/x86_64-linux-gnu/libnss_files-2.27.so
7fdcae14c000-7fdcae152000 rw-p 00000000 00:00 0
7fdcae160000-7fdcae177000 r-xp 00000000 00:00 230027             /lib/x86_64-linux-gnu/libnsl-2.27.so
7fdcae177000-7fdcae178000 ---p 00017000 00:00 230027             /lib/x86_64-linux-gnu/libnsl-2.27.so
7fdcae178000-7fdcae376000 ---p 00018000 00:00 230027             /lib/x86_64-linux-gnu/libnsl-2.27.so
7fdcae376000-7fdcae377000 r--p 00016000 00:00 230027             /lib/x86_64-linux-gnu/libnsl-2.27.so
7fdcae377000-7fdcae378000 rw-p 00017000 00:00 230027             /lib/x86_64-linux-gnu/libnsl-2.27.so
7fdcae378000-7fdcae37a000 rw-p 00000000 00:00 0
7fdcae380000-7fdcae38b000 r-xp 00000000 00:00 231519             /lib/x86_64-linux-gnu/libnss_nis-2.27.so
7fdcae38b000-7fdcae38c000 ---p 0000b000 00:00 231519             /lib/x86_64-linux-gnu/libnss_nis-2.27.so
7fdcae38c000-7fdcae58a000 ---p 0000c000 00:00 231519             /lib/x86_64-linux-gnu/libnss_nis-2.27.so
7fdcae58a000-7fdcae58b000 r--p 0000a000 00:00 231519             /lib/x86_64-linux-gnu/libnss_nis-2.27.so
7fdcae58b000-7fdcae58c000 rw-p 0000b000 00:00 231519             /lib/x86_64-linux-gnu/libnss_nis-2.27.so
7fdcae590000-7fdcae598000 r-xp 00000000 00:00 230028             /lib/x86_64-linux-gnu/libnss_compat-2.27.so
7fdcae598000-7fdcae59a000 ---p 00008000 00:00 230028             /lib/x86_64-linux-gnu/libnss_compat-2.27.so
7fdcae59a000-7fdcae798000 ---p 0000a000 00:00 230028             /lib/x86_64-linux-gnu/libnss_compat-2.27.so
7fdcae798000-7fdcae799000 r--p 00008000 00:00 230028             /lib/x86_64-linux-gnu/libnss_compat-2.27.so
7fdcae799000-7fdcae79a000 rw-p 00009000 00:00 230028             /lib/x86_64-linux-gnu/libnss_compat-2.27.so
7fdcae7a0000-7fdcae7a5000 r-xp 00000000 00:00 1037498            /usr/lib/jvm/java-11-openjdk-amd64/lib/libjimage.so
7fdcae7a5000-7fdcae7a6000 ---p 00005000 00:00 1037498            /usr/lib/jvm/java-11-openjdk-amd64/lib/libjimage.so
7fdcae7a6000-7fdcae9a4000 ---p 00006000 00:00 1037498            /usr/lib/jvm/java-11-openjdk-amd64/lib/libjimage.so
7fdcae9a4000-7fdcae9a5000 r--p 00004000 00:00 1037498            /usr/lib/jvm/java-11-openjdk-amd64/lib/libjimage.so
7fdcae9a5000-7fdcae9a6000 rw-p 00005000 00:00 1037498            /usr/lib/jvm/java-11-openjdk-amd64/lib/libjimage.so
7fdcae9b0000-7fdcae9d8000 r-xp 00000000 00:00 1037495            /usr/lib/jvm/java-11-openjdk-amd64/lib/libjava.so
7fdcae9d8000-7fdcae9db000 ---p 00028000 00:00 1037495            /usr/lib/jvm/java-11-openjdk-amd64/lib/libjava.so
7fdcae9db000-7fdcaebd8000 ---p 0002b000 00:00 1037495            /usr/lib/jvm/java-11-openjdk-amd64/lib/libjava.so
7fdcaebd8000-7fdcaebd9000 r--p 00028000 00:00 1037495            /usr/lib/jvm/java-11-openjdk-amd64/lib/libjava.so
7fdcaebd9000-7fdcaebda000 rw-p 00029000 00:00 1037495            /usr/lib/jvm/java-11-openjdk-amd64/lib/libjava.so
7fdcaebda000-7fdcaebdb000 rw-p 00000000 00:00 0
7fdcaebe0000-7fdcaebed000 r-xp 00000000 00:00 1037983            /usr/lib/jvm/java-11-openjdk-amd64/lib/libverify.so
7fdcaebed000-7fdcaebef000 ---p 0000d000 00:00 1037983            /usr/lib/jvm/java-11-openjdk-amd64/lib/libverify.so
7fdcaebef000-7fdcaedec000 ---p 0000f000 00:00 1037983            /usr/lib/jvm/java-11-openjdk-amd64/lib/libverify.so
7fdcaedec000-7fdcaedee000 r--p 0000c000 00:00 1037983            /usr/lib/jvm/java-11-openjdk-amd64/lib/libverify.so
7fdcaedee000-7fdcaedef000 rw-p 0000e000 00:00 1037983            /usr/lib/jvm/java-11-openjdk-amd64/lib/libverify.so
7fdcaedf0000-7fdcaedf7000 r-xp 00000000 00:00 240087             /lib/x86_64-linux-gnu/librt-2.27.so
7fdcaedf7000-7fdcaedf8000 ---p 00007000 00:00 240087             /lib/x86_64-linux-gnu/librt-2.27.so
7fdcaedf8000-7fdcaeff6000 ---p 00008000 00:00 240087             /lib/x86_64-linux-gnu/librt-2.27.so
7fdcaeff6000-7fdcaeff7000 r--p 00006000 00:00 240087             /lib/x86_64-linux-gnu/librt-2.27.so
7fdcaeff7000-7fdcaeff8000 rw-p 00007000 00:00 240087             /lib/x86_64-linux-gnu/librt-2.27.so
7fdcaf000000-7fdcaf017000 r-xp 00000000 00:00 185196             /lib/x86_64-linux-gnu/libgcc_s.so.1
7fdcaf017000-7fdcaf018000 ---p 00017000 00:00 185196             /lib/x86_64-linux-gnu/libgcc_s.so.1
7fdcaf018000-7fdcaf216000 ---p 00018000 00:00 185196             /lib/x86_64-linux-gnu/libgcc_s.so.1
7fdcaf216000-7fdcaf217000 r--p 00016000 00:00 185196             /lib/x86_64-linux-gnu/libgcc_s.so.1
7fdcaf217000-7fdcaf218000 rw-p 00017000 00:00 185196             /lib/x86_64-linux-gnu/libgcc_s.so.1
7fdcaf220000-7fdcaf3bd000 r-xp 00000000 00:00 222640             /lib/x86_64-linux-gnu/libm-2.27.so
7fdcaf3bd000-7fdcaf3c0000 ---p 0019d000 00:00 222640             /lib/x86_64-linux-gnu/libm-2.27.so
7fdcaf3c0000-7fdcaf5bc000 ---p 001a0000 00:00 222640             /lib/x86_64-linux-gnu/libm-2.27.so
7fdcaf5bc000-7fdcaf5bd000 r--p 0019c000 00:00 222640             /lib/x86_64-linux-gnu/libm-2.27.so
7fdcaf5bd000-7fdcaf5be000 rw-p 0019d000 00:00 222640             /lib/x86_64-linux-gnu/libm-2.27.so
7fdcaf5c0000-7fdcaf739000 r-xp 00000000 00:00 280607             /usr/lib/x86_64-linux-gnu/libstdc++.so.6.0.25
7fdcaf739000-7fdcaf746000 ---p 00179000 00:00 280607             /usr/lib/x86_64-linux-gnu/libstdc++.so.6.0.25
7fdcaf746000-7fdcaf939000 ---p 00186000 00:00 280607             /usr/lib/x86_64-linux-gnu/libstdc++.so.6.0.25
7fdcaf939000-7fdcaf943000 r--p 00179000 00:00 280607             /usr/lib/x86_64-linux-gnu/libstdc++.so.6.0.25
7fdcaf943000-7fdcaf945000 rw-p 00183000 00:00 280607             /usr/lib/x86_64-linux-gnu/libstdc++.so.6.0.25
7fdcaf945000-7fdcaf949000 rw-p 00000000 00:00 0
7fdcaf950000-7fdcb0a48000 r-xp 00000000 00:00 1038071            /usr/lib/jvm/java-11-openjdk-amd64/lib/server/libjvm.so
7fdcb0a48000-7fdcb0b48000 ---p 010f8000 00:00 1038071            /usr/lib/jvm/java-11-openjdk-amd64/lib/server/libjvm.so
7fdcb0b48000-7fdcb0c48000 ---p 011f8000 00:00 1038071            /usr/lib/jvm/java-11-openjdk-amd64/lib/server/libjvm.so
7fdcb0c48000-7fdcb0d0c000 r--p 010f8000 00:00 1038071            /usr/lib/jvm/java-11-openjdk-amd64/lib/server/libjvm.so
7fdcb0d0c000-7fdcb0d47000 rw-p 011bc000 00:00 1038071            /usr/lib/jvm/java-11-openjdk-amd64/lib/server/libjvm.so
7fdcb0d47000-7fdcb0d9e000 rw-p 00000000 00:00 0
7fdcb0da0000-7fdcb0dba000 r-xp 00000000 00:00 239253             /lib/x86_64-linux-gnu/libpthread-2.27.so
7fdcb0dba000-7fdcb0dc4000 ---p 0001a000 00:00 239253             /lib/x86_64-linux-gnu/libpthread-2.27.so
7fdcb0dc4000-7fdcb0fb9000 ---p 00024000 00:00 239253             /lib/x86_64-linux-gnu/libpthread-2.27.so
7fdcb0fb9000-7fdcb0fba000 r--p 00019000 00:00 239253             /lib/x86_64-linux-gnu/libpthread-2.27.so
7fdcb0fba000-7fdcb0fbb000 rw-p 0001a000 00:00 239253             /lib/x86_64-linux-gnu/libpthread-2.27.so
7fdcb0fbb000-7fdcb0fbf000 rw-p 00000000 00:00 0
7fdcb0fc0000-7fdcb0fc3000 r-xp 00000000 00:00 220838             /lib/x86_64-linux-gnu/libdl-2.27.so
7fdcb0fc3000-7fdcb0fc4000 ---p 00003000 00:00 220838             /lib/x86_64-linux-gnu/libdl-2.27.so
7fdcb0fc4000-7fdcb11c2000 ---p 00004000 00:00 220838             /lib/x86_64-linux-gnu/libdl-2.27.so
7fdcb11c2000-7fdcb11c3000 r--p 00002000 00:00 220838             /lib/x86_64-linux-gnu/libdl-2.27.so
7fdcb11c3000-7fdcb11c4000 rw-p 00003000 00:00 220838             /lib/x86_64-linux-gnu/libdl-2.27.so
7fdcb11d0000-7fdcb11ec000 r-xp 00000000 00:00 185757             /lib/x86_64-linux-gnu/libz.so.1.2.11
7fdcb11ec000-7fdcb11ed000 ---p 0001c000 00:00 185757             /lib/x86_64-linux-gnu/libz.so.1.2.11
7fdcb11ed000-7fdcb13eb000 ---p 0001d000 00:00 185757             /lib/x86_64-linux-gnu/libz.so.1.2.11
7fdcb13eb000-7fdcb13ec000 r--p 0001b000 00:00 185757             /lib/x86_64-linux-gnu/libz.so.1.2.11
7fdcb13ec000-7fdcb13ed000 rw-p 0001c000 00:00 185757             /lib/x86_64-linux-gnu/libz.so.1.2.11
7fdcb13f0000-7fdcb15d7000 r-xp 00000000 00:00 197194             /lib/x86_64-linux-gnu/libc-2.27.so
7fdcb15d7000-7fdcb15e0000 ---p 001e7000 00:00 197194             /lib/x86_64-linux-gnu/libc-2.27.so
7fdcb15e0000-7fdcb17d7000 ---p 001f0000 00:00 197194             /lib/x86_64-linux-gnu/libc-2.27.so
7fdcb17d7000-7fdcb17db000 r--p 001e7000 00:00 197194             /lib/x86_64-linux-gnu/libc-2.27.so
7fdcb17db000-7fdcb17dd000 rw-p 001eb000 00:00 197194             /lib/x86_64-linux-gnu/libc-2.27.so
7fdcb17dd000-7fdcb17e1000 rw-p 00000000 00:00 0
7fdcb17f0000-7fdcb17ff000 r-xp 00000000 00:00 1037464            /usr/lib/jvm/java-11-openjdk-amd64/lib/jli/libjli.so
7fdcb17ff000-7fdcb1800000 ---p 0000f000 00:00 1037464            /usr/lib/jvm/java-11-openjdk-amd64/lib/jli/libjli.so
7fdcb1800000-7fdcb19fe000 ---p 00010000 00:00 1037464            /usr/lib/jvm/java-11-openjdk-amd64/lib/jli/libjli.so
7fdcb19fe000-7fdcb19ff000 r--p 0000e000 00:00 1037464            /usr/lib/jvm/java-11-openjdk-amd64/lib/jli/libjli.so
7fdcb19ff000-7fdcb1a00000 rw-p 0000f000 00:00 1037464            /usr/lib/jvm/java-11-openjdk-amd64/lib/jli/libjli.so
7fdcb1a00000-7fdcb1a28000 r-xp 00000000 00:00 197139             /lib/x86_64-linux-gnu/ld-2.27.so
7fdcb1a28000-7fdcb1a29000 r-xp 00028000 00:00 197139             /lib/x86_64-linux-gnu/ld-2.27.so
7fdcb1a40000-7fdcb1a45000 rw-p 00000000 00:00 0
7fdcb1a45000-7fdcb1b2b000 ---p 00000000 00:00 0
7fdcb1b30000-7fdcb1b35000 rw-p 00000000 00:00 0
7fdcb1b35000-7fdcb1c1b000 ---p 00000000 00:00 0
7fdcb1c29000-7fdcb1c2a000 r--p 00029000 00:00 197139             /lib/x86_64-linux-gnu/ld-2.27.so
7fdcb1c2a000-7fdcb1c2b000 rw-p 0002a000 00:00 197139             /lib/x86_64-linux-gnu/ld-2.27.so
7fdcb1c2b000-7fdcb1c2c000 rw-p 00000000 00:00 0
7fdcb1c50000-7fdcb1c71000 rw-p 00000000 00:00 0
7fdcb1c80000-7fdcb1c85000 rw-p 00000000 00:00 0
7fdcb1c85000-7fdcb1c8c000 ---p 00000000 00:00 0
7fdcb1c90000-7fdcb1c91000 ---p 00000000 00:00 0
7fdcb1c91000-7fdcb1c92000 r--p 00000000 00:00 0
7fdcb1ca0000-7fdcb1ca4000 ---p 00000000 00:00 0
7fdcb1ca4000-7fdcb1da1000 rw-p 00000000 00:00 0
7fdcb1daf000-7fdcb1db0000 r--p 00000000 00:00 188691             /usr/lib/locale/C.UTF-8/LC_NUMERIC
7fdcb1db0000-7fdcb1db2000 rw-p 00000000 00:00 0
7fdcb1db2000-7fdcb1db3000 r--p 00000000 00:00 188694             /usr/lib/locale/C.UTF-8/LC_TIME
7fdcb1db3000-7fdcb1db4000 r--p 00000000 00:00 188689             /usr/lib/locale/C.UTF-8/LC_MONETARY
7fdcb1db4000-7fdcb1db5000 r--p 00000000 00:00 188688             /usr/lib/locale/C.UTF-8/LC_MESSAGES/SYS_LC_MESSAGES
7fdcb1db5000-7fdcb1db6000 r--p 00000000 00:00 188692             /usr/lib/locale/C.UTF-8/LC_PAPER
7fdcb1db6000-7fdcb1db7000 r--p 00000000 00:00 188690             /usr/lib/locale/C.UTF-8/LC_NAME
7fdcb1db7000-7fdcb1db8000 r--p 00000000 00:00 188682             /usr/lib/locale/C.UTF-8/LC_ADDRESS
7fdcb1db8000-7fdcb1db9000 r--p 00000000 00:00 188693             /usr/lib/locale/C.UTF-8/LC_TELEPHONE
7fdcb1db9000-7fdcb1dc0000 r--s 00000000 00:00 264671             /usr/lib/x86_64-linux-gnu/gconv/gconv-modules.cache
7fdcb1dc0000-7fdcb1dc2000 rw-p 00000000 00:00 0
7fdcb1dc2000-7fdcb1dc3000 r--p 00000000 00:00 188686             /usr/lib/locale/C.UTF-8/LC_MEASUREMENT
7fdcb1dc3000-7fdcb1dc4000 r--p 00000000 00:00 188685             /usr/lib/locale/C.UTF-8/LC_IDENTIFICATION
7fdcb1dc4000-7fdcb1dc6000 r--s 00007000 00:00 1045831            /usr/share/java/java-atk-wrapper.jar
7fdcb1dc6000-7fdcb1dce000 rw-s 00000000 00:00 372496             /tmp/hsperfdata_h54084078/12537
7fdcb1e00000-7fdcb1e01000 r-xp 00000000 00:00 1037121            /usr/lib/jvm/java-11-openjdk-amd64/bin/java
7fdcb2001000-7fdcb2002000 r--p 00001000 00:00 1037121            /usr/lib/jvm/java-11-openjdk-amd64/bin/java
7fdcb2002000-7fdcb2003000 rw-p 00002000 00:00 1037121            /usr/lib/jvm/java-11-openjdk-amd64/bin/java
7fffbac45000-7fffbac66000 rw-p 00000000 00:00 0                  [heap]
7fffc18df000-7fffc20df000 rw-p 00000000 00:00 0                  [stack]
7fffc217a000-7fffc217b000 r-xp 00000000 00:00 0                  [vdso]


VM Arguments:
jvm_args: -Xverify:none 
java_command: Main
java_class_path (initial): .
Launcher Type: SUN_STANDARD

[Global flags]
     bool BytecodeVerificationLocal                = false                                     {product} {command line}
     bool BytecodeVerificationRemote               = false                                     {product} {command line}
     intx CICompilerCount                          = 4                                         {product} {ergonomic}
     uint ConcGCThreads                            = 2                                         {product} {ergonomic}
     uint G1ConcRefinementThreads                  = 8                                         {product} {ergonomic}
   size_t G1HeapRegionSize                         = 1048576                                   {product} {ergonomic}
    uintx GCDrainStackTargetSize                   = 64                                        {product} {ergonomic}
   size_t InitialHeapSize                          = 199229440                                 {product} {ergonomic}
   size_t MarkStackSize                            = 4194304                                   {product} {ergonomic}
   size_t MaxHeapSize                              = 3183476736                                {product} {ergonomic}
   size_t MaxNewSize                               = 1909456896                                {product} {ergonomic}
   size_t MinHeapDeltaBytes                        = 1048576                                   {product} {ergonomic}
    uintx NonNMethodCodeHeapSize                   = 5836300                                {pd product} {ergonomic}
    uintx NonProfiledCodeHeapSize                  = 122910970                              {pd product} {ergonomic}
    uintx ProfiledCodeHeapSize                     = 122910970                              {pd product} {ergonomic}
    uintx ReservedCodeCacheSize                    = 251658240                              {pd product} {ergonomic}
     bool SegmentedCodeCache                       = true                                      {product} {ergonomic}
     bool UseCompressedClassPointers               = true                                 {lp64_product} {ergonomic}
     bool UseCompressedOops                        = true                                 {lp64_product} {ergonomic}
     bool UseG1GC                                  = true                                      {product} {ergonomic}

Logging:
Log output configuration:
 #0: stdout all=warning uptime,level,tags
 #1: stderr all=off uptime,level,tags

Environment Variables:
PATH=/home/h54084078/.vscode-server/bin/c3511e6c69bb39013c4a4b7b9566ec1ca73fc4d5/bin/remote-cli:/home/h54084078/.local/bin:/usr/local/sbin:/usr/local/bin:/usr/sbin:/usr/bin:/sbin:/bin:/usr/games:/usr/local/games:/mnt/c/Program Files (x86)/VMware/VMware Player/bin/:/mnt/c/Program Files (x86)/Common Files/Oracle/Java/javapath:/mnt/c/Program Files/Common Files/Oracle/Java/javapath:/mnt/c/Windows/system32:/mnt/c/Windows:/mnt/c/Windows/System32/Wbem:/mnt/c/Windows/System32/WindowsPowerShell/v1.0/:/mnt/c/Windows/System32/OpenSSH/:/mnt/c/Program Files (x86)/NVIDIA Corporation/PhysX/Common:/mnt/c/WINDOWS/system32:/mnt/c/WINDOWS:/mnt/c/WINDOWS/System32/Wbem:/mnt/c/WINDOWS/System32/WindowsPowerShell/v1.0/:/mnt/c/WINDOWS/System32/OpenSSH/:/mnt/c/Program Files/Git/cmd:/mnt/c/Program Files/MATLAB/R2020a/bin:/mnt/c/ctags:/mnt/c/gkwave:/mnt/d/:/mnt/c/MinGW/bin:/mnt/c/Program Files/Microchip/xc8/v2.32/bin:/mnt/c/Program Files/Tesseract-OCR:/mnt/c/Program Files/MySQL/MySQL Shell 8.0/bin/:/mnt/c/Users/user/AppData/Local/Microsoft/WindowsApps:/mnt/c/Users/user/AppData/Local/Programs/Microsoft VS Code/bin:/mnt/c/intelFPGA/19.1/modelsim_ase/win32aloem:/mnt/c/Users/user/AppData/Local/GitHubDesktop/bin:/mnt/d/iverilog/bin:/mnt/d/iverilog/gtkwave/bin:/mnt/c/Users/user/AppData/Roaming/npm:/mnt/c/Program Files/heroku/bin:/snap/bin
SHELL=/bin/bash
HOSTTYPE=x86_64
LANG=C.UTF-8

Signal Handlers:
SIGSEGV: [libjvm.so+0xe298a0], sa_mask[0]=11111111111111111111111111111110, sa_flags=SA_RESTART|SA_SIGINFO
SIGBUS: [libjvm.so+0xe298a0], sa_mask[0]=11111111111111111111111111111110, sa_flags=SA_RESTART|SA_SIGINFO
SIGFPE: [libjvm.so+0xe298a0], sa_mask[0]=11111111111111111111111111111110, sa_flags=SA_RESTART|SA_SIGINFO
SIGPIPE: [libjvm.so+0xb7fa20], sa_mask[0]=11111111111111111111111111111110, sa_flags=SA_RESTART|SA_SIGINFO
SIGXFSZ: [libjvm.so+0xb7fa20], sa_mask[0]=11111111111111111111111111111110, sa_flags=SA_RESTART|SA_SIGINFO
SIGILL: [libjvm.so+0xe298a0], sa_mask[0]=11111111111111111111111111111110, sa_flags=SA_RESTART|SA_SIGINFO
SIGUSR2: [libjvm.so+0xb7f8b0], sa_mask[0]=00000000000000000000000000000000, sa_flags=SA_RESTART|SA_SIGINFO
SIGHUP: [libjvm.so+0xb7fd70], sa_mask[0]=11111111111111111111111111111110, sa_flags=SA_RESTART|SA_SIGINFO
SIGINT: [libjvm.so+0xb7fd70], sa_mask[0]=11111111111111111111111111111110, sa_flags=SA_RESTART|SA_SIGINFO
SIGTERM: [libjvm.so+0xb7fd70], sa_mask[0]=11111111111111111111111111111110, sa_flags=SA_RESTART|SA_SIGINFO
SIGQUIT: [libjvm.so+0xb7fd70], sa_mask[0]=11111111111111111111111111111110, sa_flags=SA_RESTART|SA_SIGINFO


---------------  S Y S T E M  ---------------

OS:DISTRIB_ID=Ubuntu
DISTRIB_RELEASE=18.04
DISTRIB_CODENAME=bionic
DISTRIB_DESCRIPTION="Ubuntu 18.04.5 LTS"
uname:Linux 4.4.0-19041-Microsoft #1237-Microsoft Sat Sep 11 14:32:00 PST 2021 x86_64
OS uptime: 0 days 1:04 hours
libc:glibc 2.27 NPTL 2.27 
rlimit (soft/hard): STACK 8192k/8192k , CORE 0k/infinity , NPROC 7823/7823 , NOFILE 65536/65536 , AS infinity/infinity , CPU infinity/infinity , DATA infinity/infinity , FSIZE infinity/infinity , MEMLOCK 64k/64k
load average:0.52 0.58 0.59

/proc/meminfo:
MemTotal:       12430800 kB
MemFree:         6057736 kB
Buffers:           34032 kB
Cached:           188576 kB
SwapCached:            0 kB
Active:           167556 kB
Inactive:         157876 kB
Active(anon):     103104 kB
Inactive(anon):    17440 kB
Active(file):      64452 kB
Inactive(file):   140436 kB
Unevictable:           0 kB
Mlocked:               0 kB
SwapTotal:      15484968 kB
SwapFree:       14925796 kB
Dirty:                 0 kB
Writeback:             0 kB
AnonPages:        102824 kB
Mapped:            71404 kB
Shmem:             17720 kB
Slab:              13868 kB
SReclaimable:       6744 kB
SUnreclaim:         7124 kB
KernelStack:        2848 kB
PageTables:         2524 kB
NFS_Unstable:          0 kB
Bounce:                0 kB
WritebackTmp:          0 kB
CommitLimit:      515524 kB
Committed_AS:    3450064 kB
VmallocTotal:     122880 kB
VmallocUsed:       21296 kB
VmallocChunk:      66044 kB
HardwareCorrupted:     0 kB
AnonHugePages:      2048 kB
HugePages_Total:       0
HugePages_Free:        0
HugePages_Rsvd:        0
HugePages_Surp:        0
Hugepagesize:       2048 kB
DirectMap4k:       12280 kB
DirectMap4M:      897024 kB

/sys/kernel/mm/transparent_hugepage/enabled:
<Not Available>
/sys/kernel/mm/transparent_hugepage/defrag (defrag/compaction efforts parameter):
<Not Available>

Process Memory:
Virtual Size: 5839484K (peak: 0K)
Resident Set Size: 25096K (peak: 0K)
C-Heap outstanding allocations: 3176K

/proc/sys/kernel/threads-max (system-wide limit on the number of threads):
32768
/proc/sys/vm/max_map_count (maximum number of memory map areas a process may have):
<Not Available>
/proc/sys/kernel/pid_max (system-wide limit on number of process identifiers):
32768

Steal ticks since vm start: 0
Steal ticks percentage since vm start:  0.000

CPU:total 8 (initial active 8) (4 cores per cpu, 2 threads per core) family 6 model 142 stepping 11 microcode 0xffffffff, cmov, cx8, fxsr, mmx, sse, sse2, sse3, ssse3, sse4.1, sse4.2, popcnt, avx, avx2, aes, clmul, erms, 3dnowpref, lzcnt, ht, tsc, tscinvbit, bmi1, bmi2, adx, fma
CPU Model and flags from /proc/cpuinfo:
model name	: Intel(R) Core(TM) i5-8265U CPU @ 1.60GHz
flags		: fpu vme de pse tsc msr pae mce cx8 apic sep mtrr pge mca cmov pat pse36 clflush dts acpi mmx fxsr sse sse2 ss ht tm pbe syscall nx pdpe1gb rdtscp lm pni pclmulqdq dtes64 monitor ds_cpl vmx est tm2 ssse3 fma cx16 xtpr pdcm pcid sse4_1 sse4_2 x2apic movbe popcnt tsc_deadline_timer aes xsave osxsave avx f16c rdrand lahf_lm abm 3dnowprefetch fsgsbase tsc_adjust bmi1 avx2 smep bmi2 erms invpcid mpx rdseed adx smap clflushopt intel_pt ibrs ibpb stibp ssbd
Online cpus:
0-7
Offline cpus:
<Not Available>
BIOS frequency limitation:
<Not Available>
Frequency switch latency (ns):
<Not Available>
Available cpu frequencies:
<Not Available>
Current governor:
<Not Available>
Core performance/turbo boost:
<Not Available>

Memory: 4k page, physical 12430800k(6057736k free), swap 15484968k(14925796k free)

vm_info: OpenJDK 64-Bit Server VM (11.0.15+10-Ubuntu-0ubuntu0.18.04.1) for linux-amd64 JRE (11.0.15+10-Ubuntu-0ubuntu0.18.04.1), built on Apr 23 2022 13:02:10 by "unknown" with gcc 8.4.0

END.
