#
# A fatal error has been detected by the Java Runtime Environment:
#
#  SIGSEGV (0xb) at pc=0x00007f9fe1953d44, pid=1684, tid=1685
#
# JRE version: OpenJDK Runtime Environment (11.0.15+10) (build 11.0.15+10-Ubuntu-0ubuntu0.18.04.1)
# Java VM: OpenJDK 64-Bit Server VM (11.0.15+10-Ubuntu-0ubuntu0.18.04.1, mixed mode, sharing, tiered, compressed oops, g1 gc, linux-amd64)
# Problematic frame:
# V  [libjvm.so+0xa03d44]
#
# Core dump will be written. Default location: core.1684 (may not exist)
#
# If you would like to submit a bug report, please visit:
#   Unknown
#

---------------  S U M M A R Y ------------

Command Line: -Xverify:none Main

Host: Intel(R) Core(TM) i5-8265U CPU @ 1.60GHz, 8 cores, 11G, Ubuntu 18.04.5 LTS
Time: Tue May 31 20:46:21 2022 CST elapsed time: 0.187508 seconds (0d 0h 0m 0s)

---------------  T H R E A D  ---------------

Current thread (0x00007f9fdc016800):  JavaThread "main" [_thread_in_vm, id=1685, stack(0x00007f9fe3110000,0x00007f9fe3211000)]

Stack: [0x00007f9fe3110000,0x00007f9fe3211000],  sp=0x00007f9fe320f2c0,  free space=1020k
Native frames: (J=compiled Java code, A=aot compiled Java code, j=interpreted, Vv=VM code, C=native code)
V  [libjvm.so+0xa03d44]
V  [libjvm.so+0xa0473b]
V  [libjvm.so+0x836966]
V  [libjvm.so+0x836f9d]
j  java.lang.String.valueOf(Ljava/lang/Object;)Ljava/lang/String;+10 java.base@11.0.15
j  java.io.PrintStream.print(Ljava/lang/String;)V+2 java.base@11.0.15
j  java.io.PrintStream.println(Ljava/lang/String;)V+6 java.base@11.0.15
j  Main.main([Ljava/lang/String;)V+65
v  ~StubRoutines::call_stub
V  [libjvm.so+0x83d143]
V  [libjvm.so+0x8b360c]
V  [libjvm.so+0x8b5766]
C  [libjli.so+0x4738]
C  [libjli.so+0x87e9]

Java frames: (J=compiled Java code, j=interpreted, Vv=VM code)
j  java.lang.String.valueOf(Ljava/lang/Object;)Ljava/lang/String;+10 java.base@11.0.15
j  java.io.PrintStream.print(Ljava/lang/String;)V+2 java.base@11.0.15
j  java.io.PrintStream.println(Ljava/lang/String;)V+6 java.base@11.0.15
j  Main.main([Ljava/lang/String;)V+65
v  ~StubRoutines::call_stub

siginfo: si_signo: 11 (SIGSEGV), si_code: 1 (SEGV_MAPERR), si_addr: 0x0000000100000007

Register to memory mapping:

RAX=0x00000000ffffffff is an unknown value
RBX=0x00007f9fe320f2e0 is pointing into the stack for thread: 0x00007f9fdc016800
RCX=0x00007f9fdc016800 is a thread
RDX=0x00007f9fe235a86c: <offset 0x000000000140a86c> in /usr/lib/jvm/java-11-openjdk-amd64/lib/server/libjvm.so at 0x00007f9fe0f50000
RSP=0x00007f9fe320f2c0 is pointing into the stack for thread: 0x00007f9fdc016800
RBP=0x00007f9fe320f350 is pointing into the stack for thread: 0x00007f9fdc016800
RSI=0x00007f9fe320f2d0 is pointing into the stack for thread: 0x00007f9fdc016800
RDI=0x00007f9fe320f2d0 is pointing into the stack for thread: 0x00007f9fdc016800
R8 =0x0 is NULL
R9 =0x0 is NULL
R10=0x00007f9fdc017850 points into unknown readable memory: 0x00007f9fc0c703a8 | a8 03 c7 c0 9f 7f 00 00
R11=0x0000000000000014 is an unknown value
R12=0x00007f9fe320f2d0 is pointing into the stack for thread: 0x00007f9fdc016800
R13=0x00000000000000a5 is an unknown value
R14=0x00007f9fdc017740 points into unknown readable memory: 0x00000000ffffffff | ff ff ff ff 00 00 00 00
R15=0x00007f9fdc016800 is a thread


Registers:
RAX=0x00000000ffffffff, RBX=0x00007f9fe320f2e0, RCX=0x00007f9fdc016800, RDX=0x00007f9fe235a86c
RSP=0x00007f9fe320f2c0, RBP=0x00007f9fe320f350, RSI=0x00007f9fe320f2d0, RDI=0x00007f9fe320f2d0
R8 =0x0000000000000000, R9 =0x0000000000000000, R10=0x00007f9fdc017850, R11=0x0000000000000014
R12=0x00007f9fe320f2d0, R13=0x00000000000000a5, R14=0x00007f9fdc017740, R15=0x00007f9fdc016800
RIP=0x00007f9fe1953d44, EFLAGS=0x0000000000010202, CSGSFS=0x00000053002b0033, ERR=0x0000000000000000
  TRAPNO=0x0000000000000000

Top of Stack: (sp=0x00007f9fe320f2c0)
0x00007f9fe320f2c0:   00007f9fe320f480 00007f9fdc017740
0x00007f9fe320f2d0:   0000000000000000 0000000000000000
0x00007f9fe320f2e0:   00000008003ce8f0 00000008003d0c88
0x00007f9fe320f2f0:   0000000800002478 000000080032ff10 

Instructions: (pc=0x00007f9fe1953d44)
0x00007f9fe1953c44:   ff ff ff 90 0f 1f 84 00 00 00 00 00 55 66 0f ef
0x00007f9fe1953c54:   c0 48 89 e5 41 57 4d 89 c7 41 56 49 89 f6 41 55
0x00007f9fe1953c64:   41 89 cd 41 54 49 89 d4 4c 89 c2 53 48 8d 5d 90
0x00007f9fe1953c74:   48 83 ec 68 48 89 bd 70 ff ff ff 49 8b 3c 24 48
0x00007f9fe1953c84:   89 b5 78 ff ff ff 89 ce 0f 29 45 b0 c6 45 c1 00
0x00007f9fe1953c94:   e8 67 6f c4 ff 49 83 7f 08 00 48 89 45 a0 74 1c
0x00007f9fe1953ca4:   48 8d 7b 20 e8 e3 a7 dc ff 48 8d 65 d8 5b 41 5c
0x00007f9fe1953cb4:   41 5d 41 5e 41 5f 5d c3 0f 1f 40 00 49 8b 3c 24
0x00007f9fe1953cc4:   31 d2 44 89 ee e8 c2 36 c4 ff 49 8b 3c 24 31 d2
0x00007f9fe1953cd4:   44 89 ee 48 89 45 90 e8 30 37 c4 ff 49 8b 3c 24
0x00007f9fe1953ce4:   31 d2 44 89 ee 48 89 45 98 e8 1e 38 c4 ff 66 0f
0x00007f9fe1953cf4:   ef c9 48 8d 7b 20 88 45 c1 49 8b 04 24 4c 8d 65
0x00007f9fe1953d04:   80 4c 89 e6 48 8b 40 18 0f 29 4d 80 48 89 45 a8
0x00007f9fe1953d14:   e8 87 ac dc ff 4c 89 e7 e8 6f a7 dc ff 49 83 7f
0x00007f9fe1953d24:   08 00 c6 45 c0 01 0f 85 74 ff ff ff 4d 85 f6 74
0x00007f9fe1953d34:   29 48 8d 15 30 6b a0 00 49 8b 06 80 3a 00 74 6c
0x00007f9fe1953d44:   8b 50 08 48 8d 05 02 9b 9d 00 8b 48 08 48 d3 e2
0x00007f9fe1953d54:   48 03 10 48 89 95 78 ff ff ff 4c 89 fa 48 89 de
0x00007f9fe1953d64:   4c 89 e7 e8 e4 f3 ff ff 49 83 7f 08 00 74 0d 4c
0x00007f9fe1953d74:   89 e7 e8 15 a7 dc ff e9 24 ff ff ff 48 83 ec 08
0x00007f9fe1953d84:   48 8b 55 a0 4c 89 f1 4c 89 e6 41 57 4c 8b 85 78
0x00007f9fe1953d94:   ff ff ff 41 b9 01 00 00 00 48 8b bd 70 ff ff ff
0x00007f9fe1953da4:   e8 97 f9 ff ff 58 5a eb c6 0f 1f 00 48 8b 40 08
0x00007f9fe1953db4:   48 89 85 78 ff ff ff eb a1 90 66 90 55 49 89 d2
0x00007f9fe1953dc4:   48 89 e5 41 57 49 89 ff 41 56 45 89 ce 41 55 49
0x00007f9fe1953dd4:   89 f5 41 54 4d 89 c4 53 48 81 ec 08 01 00 00 45
0x00007f9fe1953de4:   84 c9 74 09 48 85 c9 0f 84 57 03 00 00 41 8b 52
0x00007f9fe1953df4:   10 4d 3b 14 14 0f 84 02 01 00 00 83 fa 20 0f 84
0x00007f9fe1953e04:   d8 00 00 00 48 8b 45 10 4c 89 d7 4c 8b a8 78 02
0x00007f9fe1953e14:   00 00 49 8b 5d 18 49 8b 45 10 4d 8b 75 20 4d 8b
0x00007f9fe1953e24:   7d 28 48 89 9d d8 fe ff ff 48 89 85 e0 fe ff ff
0x00007f9fe1953e34:   e8 c7 e4 fc ff 4c 89 e7 4c 8d a5 00 ff ff ff 48 


Stack slot to memory mapping:
stack at sp + 0 slots: 0x00007f9fe320f480 is pointing into the stack for thread: 0x00007f9fdc016800
stack at sp + 1 slots: 0x00007f9fdc017740 points into unknown readable memory: 0x00000000ffffffff | ff ff ff ff 00 00 00 00
stack at sp + 2 slots: 0x0 is NULL
stack at sp + 3 slots: 0x0 is NULL
stack at sp + 4 slots: 0x00000008003ce8f0 is pointing into metadata
stack at sp + 5 slots: 0x00000008003d0c88 is pointing into metadata
stack at sp + 6 slots: 0x0000000800002478 is pointing into metadata
stack at sp + 7 slots: 0x000000080032ff10 is pointing into metadata


---------------  P R O C E S S  ---------------

Threads class SMR info:
_java_thread_list=0x00007f9fdc1e3060, length=9, elements={
0x00007f9fdc016800, 0x00007f9fdc17c000, 0x00007f9fdc17e000, 0x00007f9fdc186800,
0x00007f9fdc188800, 0x00007f9fdc18a800, 0x00007f9fdc18c800, 0x00007f9fdc18e800,
0x00007f9fdc1e1800
}

Java Threads: ( => current thread )
=>0x00007f9fdc016800 JavaThread "main" [_thread_in_vm, id=1685, stack(0x00007f9fe3110000,0x00007f9fe3211000)]
  0x00007f9fdc17c000 JavaThread "Reference Handler" daemon [_thread_blocked, id=1695, stack(0x00007f9fc0560000,0x00007f9fc0661000)]
  0x00007f9fdc17e000 JavaThread "Finalizer" daemon [_thread_blocked, id=1696, stack(0x00007f9fc0450000,0x00007f9fc0551000)]
  0x00007f9fdc186800 JavaThread "Signal Dispatcher" daemon [_thread_blocked, id=1698, stack(0x00007f9fc0040000,0x00007f9fc0141000)]
  0x00007f9fdc188800 JavaThread "Service Thread" daemon [_thread_blocked, id=1699, stack(0x00007f9fb4010000,0x00007f9fb4111000)]
  0x00007f9fdc18a800 JavaThread "C2 CompilerThread0" daemon [_thread_blocked, id=1700, stack(0x00007f9f8fef0000,0x00007f9f8fff1000)]
  0x00007f9fdc18c800 JavaThread "C1 CompilerThread0" daemon [_thread_blocked, id=1701, stack(0x00007f9f8fde0000,0x00007f9f8fee1000)]
  0x00007f9fdc18e800 JavaThread "Sweeper thread" daemon [_thread_blocked, id=1702, stack(0x00007f9f8fcd0000,0x00007f9f8fdd1000)]
  0x00007f9fdc1e1800 JavaThread "Common-Cleaner" daemon [_thread_blocked, id=1709, stack(0x00007f9f8fab0000,0x00007f9f8fbb1000)]

Other Threads:
  0x00007f9fdc179000 VMThread "VM Thread" [stack: 0x00007f9fc0672000,0x00007f9fc0772000] [id=1693]
  0x00007f9fdc1df800 WatcherThread [stack: 0x00007f9f8fbc2000,0x00007f9f8fcc2000] [id=1708]
  0x00007f9fdc02f000 GCTaskThread "GC Thread#0" [stack: 0x00007f9fc3852000,0x00007f9fc3952000] [id=1687]
  0x00007f9fdc078800 ConcurrentGCThread "G1 Main Marker" [stack: 0x00007f9fc1c22000,0x00007f9fc1d22000] [id=1688]
  0x00007f9fdc07a000 ConcurrentGCThread "G1 Conc#0" [stack: 0x00007f9fc1b12000,0x00007f9fc1c12000] [id=1689]
  0x00007f9fdc140000 ConcurrentGCThread "G1 Refine#0" [stack: 0x00007f9fc1182000,0x00007f9fc1282000] [id=1690]
  0x00007f9fdc141800 ConcurrentGCThread "G1 Young RemSet Sampling" [stack: 0x00007f9fc1072000,0x00007f9fc1172000] [id=1691]

Threads with active compile tasks:

VM state:not at safepoint (normal execution)

VM Mutex/Monitor currently owned by a thread: None

Heap address: 0x0000000742400000, size: 3036 MB, Compressed Oops mode: Zero based, Oop shift amount: 3
Narrow klass base: 0x0000000800000000, Narrow klass shift: 3
Compressed class space size: 1073741824 Address: 0x0000000840000000

Heap:
 garbage-first heap   total 196608K, used 712K [0x0000000742400000, 0x0000000800000000)
  region size 1024K, 1 young (1024K), 0 survivors (0K)
 Metaspace       used 199K, capacity 4486K, committed 4864K, reserved 1056768K
  class space    used 9K, capacity 386K, committed 512K, reserved 1048576K
Heap Regions: E=young(eden), S=young(survivor), O=old, HS=humongous(starts), HC=humongous(continues), CS=collection set, F=free, A=archive, TAMS=top-at-mark-start (previous, next)
|   0|0x0000000742400000, 0x0000000742400000, 0x0000000742500000|  0%| F|  |TAMS 0x0000000742400000, 0x0000000742400000| Untracked 
|   1|0x0000000742500000, 0x0000000742500000, 0x0000000742600000|  0%| F|  |TAMS 0x0000000742500000, 0x0000000742500000| Untracked 
|   2|0x0000000742600000, 0x0000000742600000, 0x0000000742700000|  0%| F|  |TAMS 0x0000000742600000, 0x0000000742600000| Untracked 
|   3|0x0000000742700000, 0x0000000742700000, 0x0000000742800000|  0%| F|  |TAMS 0x0000000742700000, 0x0000000742700000| Untracked 
|   4|0x0000000742800000, 0x0000000742800000, 0x0000000742900000|  0%| F|  |TAMS 0x0000000742800000, 0x0000000742800000| Untracked 
|   5|0x0000000742900000, 0x0000000742900000, 0x0000000742a00000|  0%| F|  |TAMS 0x0000000742900000, 0x0000000742900000| Untracked 
|   6|0x0000000742a00000, 0x0000000742a00000, 0x0000000742b00000|  0%| F|  |TAMS 0x0000000742a00000, 0x0000000742a00000| Untracked 
|   7|0x0000000742b00000, 0x0000000742b00000, 0x0000000742c00000|  0%| F|  |TAMS 0x0000000742b00000, 0x0000000742b00000| Untracked 
|   8|0x0000000742c00000, 0x0000000742c00000, 0x0000000742d00000|  0%| F|  |TAMS 0x0000000742c00000, 0x0000000742c00000| Untracked 
|   9|0x0000000742d00000, 0x0000000742d00000, 0x0000000742e00000|  0%| F|  |TAMS 0x0000000742d00000, 0x0000000742d00000| Untracked 
|  10|0x0000000742e00000, 0x0000000742e00000, 0x0000000742f00000|  0%| F|  |TAMS 0x0000000742e00000, 0x0000000742e00000| Untracked 
|  11|0x0000000742f00000, 0x0000000742f00000, 0x0000000743000000|  0%| F|  |TAMS 0x0000000742f00000, 0x0000000742f00000| Untracked 
|  12|0x0000000743000000, 0x0000000743000000, 0x0000000743100000|  0%| F|  |TAMS 0x0000000743000000, 0x0000000743000000| Untracked 
|  13|0x0000000743100000, 0x0000000743100000, 0x0000000743200000|  0%| F|  |TAMS 0x0000000743100000, 0x0000000743100000| Untracked 
|  14|0x0000000743200000, 0x0000000743200000, 0x0000000743300000|  0%| F|  |TAMS 0x0000000743200000, 0x0000000743200000| Untracked 
|  15|0x0000000743300000, 0x0000000743300000, 0x0000000743400000|  0%| F|  |TAMS 0x0000000743300000, 0x0000000743300000| Untracked 
|  16|0x0000000743400000, 0x0000000743400000, 0x0000000743500000|  0%| F|  |TAMS 0x0000000743400000, 0x0000000743400000| Untracked 
|  17|0x0000000743500000, 0x0000000743500000, 0x0000000743600000|  0%| F|  |TAMS 0x0000000743500000, 0x0000000743500000| Untracked 
|  18|0x0000000743600000, 0x0000000743600000, 0x0000000743700000|  0%| F|  |TAMS 0x0000000743600000, 0x0000000743600000| Untracked 
|  19|0x0000000743700000, 0x0000000743700000, 0x0000000743800000|  0%| F|  |TAMS 0x0000000743700000, 0x0000000743700000| Untracked 
|  20|0x0000000743800000, 0x0000000743800000, 0x0000000743900000|  0%| F|  |TAMS 0x0000000743800000, 0x0000000743800000| Untracked 
|  21|0x0000000743900000, 0x0000000743900000, 0x0000000743a00000|  0%| F|  |TAMS 0x0000000743900000, 0x0000000743900000| Untracked 
|  22|0x0000000743a00000, 0x0000000743a00000, 0x0000000743b00000|  0%| F|  |TAMS 0x0000000743a00000, 0x0000000743a00000| Untracked 
|  23|0x0000000743b00000, 0x0000000743b00000, 0x0000000743c00000|  0%| F|  |TAMS 0x0000000743b00000, 0x0000000743b00000| Untracked 
|  24|0x0000000743c00000, 0x0000000743c00000, 0x0000000743d00000|  0%| F|  |TAMS 0x0000000743c00000, 0x0000000743c00000| Untracked 
|  25|0x0000000743d00000, 0x0000000743d00000, 0x0000000743e00000|  0%| F|  |TAMS 0x0000000743d00000, 0x0000000743d00000| Untracked 
|  26|0x0000000743e00000, 0x0000000743e00000, 0x0000000743f00000|  0%| F|  |TAMS 0x0000000743e00000, 0x0000000743e00000| Untracked 
|  27|0x0000000743f00000, 0x0000000743f00000, 0x0000000744000000|  0%| F|  |TAMS 0x0000000743f00000, 0x0000000743f00000| Untracked 
|  28|0x0000000744000000, 0x0000000744000000, 0x0000000744100000|  0%| F|  |TAMS 0x0000000744000000, 0x0000000744000000| Untracked 
|  29|0x0000000744100000, 0x0000000744100000, 0x0000000744200000|  0%| F|  |TAMS 0x0000000744100000, 0x0000000744100000| Untracked 
|  30|0x0000000744200000, 0x0000000744200000, 0x0000000744300000|  0%| F|  |TAMS 0x0000000744200000, 0x0000000744200000| Untracked 
|  31|0x0000000744300000, 0x0000000744300000, 0x0000000744400000|  0%| F|  |TAMS 0x0000000744300000, 0x0000000744300000| Untracked 
|  32|0x0000000744400000, 0x0000000744400000, 0x0000000744500000|  0%| F|  |TAMS 0x0000000744400000, 0x0000000744400000| Untracked 
|  33|0x0000000744500000, 0x0000000744500000, 0x0000000744600000|  0%| F|  |TAMS 0x0000000744500000, 0x0000000744500000| Untracked 
|  34|0x0000000744600000, 0x0000000744600000, 0x0000000744700000|  0%| F|  |TAMS 0x0000000744600000, 0x0000000744600000| Untracked 
|  35|0x0000000744700000, 0x0000000744700000, 0x0000000744800000|  0%| F|  |TAMS 0x0000000744700000, 0x0000000744700000| Untracked 
|  36|0x0000000744800000, 0x0000000744800000, 0x0000000744900000|  0%| F|  |TAMS 0x0000000744800000, 0x0000000744800000| Untracked 
|  37|0x0000000744900000, 0x0000000744900000, 0x0000000744a00000|  0%| F|  |TAMS 0x0000000744900000, 0x0000000744900000| Untracked 
|  38|0x0000000744a00000, 0x0000000744a00000, 0x0000000744b00000|  0%| F|  |TAMS 0x0000000744a00000, 0x0000000744a00000| Untracked 
|  39|0x0000000744b00000, 0x0000000744b00000, 0x0000000744c00000|  0%| F|  |TAMS 0x0000000744b00000, 0x0000000744b00000| Untracked 
|  40|0x0000000744c00000, 0x0000000744c00000, 0x0000000744d00000|  0%| F|  |TAMS 0x0000000744c00000, 0x0000000744c00000| Untracked 
|  41|0x0000000744d00000, 0x0000000744d00000, 0x0000000744e00000|  0%| F|  |TAMS 0x0000000744d00000, 0x0000000744d00000| Untracked 
|  42|0x0000000744e00000, 0x0000000744e00000, 0x0000000744f00000|  0%| F|  |TAMS 0x0000000744e00000, 0x0000000744e00000| Untracked 
|  43|0x0000000744f00000, 0x0000000744f00000, 0x0000000745000000|  0%| F|  |TAMS 0x0000000744f00000, 0x0000000744f00000| Untracked 
|  44|0x0000000745000000, 0x0000000745000000, 0x0000000745100000|  0%| F|  |TAMS 0x0000000745000000, 0x0000000745000000| Untracked 
|  45|0x0000000745100000, 0x0000000745100000, 0x0000000745200000|  0%| F|  |TAMS 0x0000000745100000, 0x0000000745100000| Untracked 
|  46|0x0000000745200000, 0x0000000745200000, 0x0000000745300000|  0%| F|  |TAMS 0x0000000745200000, 0x0000000745200000| Untracked 
|  47|0x0000000745300000, 0x0000000745300000, 0x0000000745400000|  0%| F|  |TAMS 0x0000000745300000, 0x0000000745300000| Untracked 
|  48|0x0000000745400000, 0x0000000745400000, 0x0000000745500000|  0%| F|  |TAMS 0x0000000745400000, 0x0000000745400000| Untracked 
|  49|0x0000000745500000, 0x0000000745500000, 0x0000000745600000|  0%| F|  |TAMS 0x0000000745500000, 0x0000000745500000| Untracked 
|  50|0x0000000745600000, 0x0000000745600000, 0x0000000745700000|  0%| F|  |TAMS 0x0000000745600000, 0x0000000745600000| Untracked 
|  51|0x0000000745700000, 0x0000000745700000, 0x0000000745800000|  0%| F|  |TAMS 0x0000000745700000, 0x0000000745700000| Untracked 
|  52|0x0000000745800000, 0x0000000745800000, 0x0000000745900000|  0%| F|  |TAMS 0x0000000745800000, 0x0000000745800000| Untracked 
|  53|0x0000000745900000, 0x0000000745900000, 0x0000000745a00000|  0%| F|  |TAMS 0x0000000745900000, 0x0000000745900000| Untracked 
|  54|0x0000000745a00000, 0x0000000745a00000, 0x0000000745b00000|  0%| F|  |TAMS 0x0000000745a00000, 0x0000000745a00000| Untracked 
|  55|0x0000000745b00000, 0x0000000745b00000, 0x0000000745c00000|  0%| F|  |TAMS 0x0000000745b00000, 0x0000000745b00000| Untracked 
|  56|0x0000000745c00000, 0x0000000745c00000, 0x0000000745d00000|  0%| F|  |TAMS 0x0000000745c00000, 0x0000000745c00000| Untracked 
|  57|0x0000000745d00000, 0x0000000745d00000, 0x0000000745e00000|  0%| F|  |TAMS 0x0000000745d00000, 0x0000000745d00000| Untracked 
|  58|0x0000000745e00000, 0x0000000745e00000, 0x0000000745f00000|  0%| F|  |TAMS 0x0000000745e00000, 0x0000000745e00000| Untracked 
|  59|0x0000000745f00000, 0x0000000745f00000, 0x0000000746000000|  0%| F|  |TAMS 0x0000000745f00000, 0x0000000745f00000| Untracked 
|  60|0x0000000746000000, 0x0000000746000000, 0x0000000746100000|  0%| F|  |TAMS 0x0000000746000000, 0x0000000746000000| Untracked 
|  61|0x0000000746100000, 0x0000000746100000, 0x0000000746200000|  0%| F|  |TAMS 0x0000000746100000, 0x0000000746100000| Untracked 
|  62|0x0000000746200000, 0x0000000746200000, 0x0000000746300000|  0%| F|  |TAMS 0x0000000746200000, 0x0000000746200000| Untracked 
|  63|0x0000000746300000, 0x0000000746300000, 0x0000000746400000|  0%| F|  |TAMS 0x0000000746300000, 0x0000000746300000| Untracked 
|  64|0x0000000746400000, 0x0000000746400000, 0x0000000746500000|  0%| F|  |TAMS 0x0000000746400000, 0x0000000746400000| Untracked 
|  65|0x0000000746500000, 0x0000000746500000, 0x0000000746600000|  0%| F|  |TAMS 0x0000000746500000, 0x0000000746500000| Untracked 
|  66|0x0000000746600000, 0x0000000746600000, 0x0000000746700000|  0%| F|  |TAMS 0x0000000746600000, 0x0000000746600000| Untracked 
|  67|0x0000000746700000, 0x0000000746700000, 0x0000000746800000|  0%| F|  |TAMS 0x0000000746700000, 0x0000000746700000| Untracked 
|  68|0x0000000746800000, 0x0000000746800000, 0x0000000746900000|  0%| F|  |TAMS 0x0000000746800000, 0x0000000746800000| Untracked 
|  69|0x0000000746900000, 0x0000000746900000, 0x0000000746a00000|  0%| F|  |TAMS 0x0000000746900000, 0x0000000746900000| Untracked 
|  70|0x0000000746a00000, 0x0000000746a00000, 0x0000000746b00000|  0%| F|  |TAMS 0x0000000746a00000, 0x0000000746a00000| Untracked 
|  71|0x0000000746b00000, 0x0000000746b00000, 0x0000000746c00000|  0%| F|  |TAMS 0x0000000746b00000, 0x0000000746b00000| Untracked 
|  72|0x0000000746c00000, 0x0000000746c00000, 0x0000000746d00000|  0%| F|  |TAMS 0x0000000746c00000, 0x0000000746c00000| Untracked 
|  73|0x0000000746d00000, 0x0000000746d00000, 0x0000000746e00000|  0%| F|  |TAMS 0x0000000746d00000, 0x0000000746d00000| Untracked 
|  74|0x0000000746e00000, 0x0000000746e00000, 0x0000000746f00000|  0%| F|  |TAMS 0x0000000746e00000, 0x0000000746e00000| Untracked 
|  75|0x0000000746f00000, 0x0000000746f00000, 0x0000000747000000|  0%| F|  |TAMS 0x0000000746f00000, 0x0000000746f00000| Untracked 
|  76|0x0000000747000000, 0x0000000747000000, 0x0000000747100000|  0%| F|  |TAMS 0x0000000747000000, 0x0000000747000000| Untracked 
|  77|0x0000000747100000, 0x0000000747100000, 0x0000000747200000|  0%| F|  |TAMS 0x0000000747100000, 0x0000000747100000| Untracked 
|  78|0x0000000747200000, 0x0000000747200000, 0x0000000747300000|  0%| F|  |TAMS 0x0000000747200000, 0x0000000747200000| Untracked 
|  79|0x0000000747300000, 0x0000000747300000, 0x0000000747400000|  0%| F|  |TAMS 0x0000000747300000, 0x0000000747300000| Untracked 
|  80|0x0000000747400000, 0x0000000747400000, 0x0000000747500000|  0%| F|  |TAMS 0x0000000747400000, 0x0000000747400000| Untracked 
|  81|0x0000000747500000, 0x0000000747500000, 0x0000000747600000|  0%| F|  |TAMS 0x0000000747500000, 0x0000000747500000| Untracked 
|  82|0x0000000747600000, 0x0000000747600000, 0x0000000747700000|  0%| F|  |TAMS 0x0000000747600000, 0x0000000747600000| Untracked 
|  83|0x0000000747700000, 0x0000000747700000, 0x0000000747800000|  0%| F|  |TAMS 0x0000000747700000, 0x0000000747700000| Untracked 
|  84|0x0000000747800000, 0x0000000747800000, 0x0000000747900000|  0%| F|  |TAMS 0x0000000747800000, 0x0000000747800000| Untracked 
|  85|0x0000000747900000, 0x0000000747900000, 0x0000000747a00000|  0%| F|  |TAMS 0x0000000747900000, 0x0000000747900000| Untracked 
|  86|0x0000000747a00000, 0x0000000747a00000, 0x0000000747b00000|  0%| F|  |TAMS 0x0000000747a00000, 0x0000000747a00000| Untracked 
|  87|0x0000000747b00000, 0x0000000747b00000, 0x0000000747c00000|  0%| F|  |TAMS 0x0000000747b00000, 0x0000000747b00000| Untracked 
|  88|0x0000000747c00000, 0x0000000747c00000, 0x0000000747d00000|  0%| F|  |TAMS 0x0000000747c00000, 0x0000000747c00000| Untracked 
|  89|0x0000000747d00000, 0x0000000747d00000, 0x0000000747e00000|  0%| F|  |TAMS 0x0000000747d00000, 0x0000000747d00000| Untracked 
|  90|0x0000000747e00000, 0x0000000747e00000, 0x0000000747f00000|  0%| F|  |TAMS 0x0000000747e00000, 0x0000000747e00000| Untracked 
|  91|0x0000000747f00000, 0x0000000747f00000, 0x0000000748000000|  0%| F|  |TAMS 0x0000000747f00000, 0x0000000747f00000| Untracked 
|  92|0x0000000748000000, 0x0000000748000000, 0x0000000748100000|  0%| F|  |TAMS 0x0000000748000000, 0x0000000748000000| Untracked 
|  93|0x0000000748100000, 0x0000000748100000, 0x0000000748200000|  0%| F|  |TAMS 0x0000000748100000, 0x0000000748100000| Untracked 
|  94|0x0000000748200000, 0x0000000748200000, 0x0000000748300000|  0%| F|  |TAMS 0x0000000748200000, 0x0000000748200000| Untracked 
|  95|0x0000000748300000, 0x0000000748300000, 0x0000000748400000|  0%| F|  |TAMS 0x0000000748300000, 0x0000000748300000| Untracked 
|  96|0x0000000748400000, 0x0000000748400000, 0x0000000748500000|  0%| F|  |TAMS 0x0000000748400000, 0x0000000748400000| Untracked 
|  97|0x0000000748500000, 0x0000000748500000, 0x0000000748600000|  0%| F|  |TAMS 0x0000000748500000, 0x0000000748500000| Untracked 
|  98|0x0000000748600000, 0x0000000748600000, 0x0000000748700000|  0%| F|  |TAMS 0x0000000748600000, 0x0000000748600000| Untracked 
|  99|0x0000000748700000, 0x0000000748700000, 0x0000000748800000|  0%| F|  |TAMS 0x0000000748700000, 0x0000000748700000| Untracked 
| 100|0x0000000748800000, 0x0000000748800000, 0x0000000748900000|  0%| F|  |TAMS 0x0000000748800000, 0x0000000748800000| Untracked 
| 101|0x0000000748900000, 0x0000000748900000, 0x0000000748a00000|  0%| F|  |TAMS 0x0000000748900000, 0x0000000748900000| Untracked 
| 102|0x0000000748a00000, 0x0000000748a00000, 0x0000000748b00000|  0%| F|  |TAMS 0x0000000748a00000, 0x0000000748a00000| Untracked 
| 103|0x0000000748b00000, 0x0000000748b00000, 0x0000000748c00000|  0%| F|  |TAMS 0x0000000748b00000, 0x0000000748b00000| Untracked 
| 104|0x0000000748c00000, 0x0000000748c00000, 0x0000000748d00000|  0%| F|  |TAMS 0x0000000748c00000, 0x0000000748c00000| Untracked 
| 105|0x0000000748d00000, 0x0000000748d00000, 0x0000000748e00000|  0%| F|  |TAMS 0x0000000748d00000, 0x0000000748d00000| Untracked 
| 106|0x0000000748e00000, 0x0000000748e00000, 0x0000000748f00000|  0%| F|  |TAMS 0x0000000748e00000, 0x0000000748e00000| Untracked 
| 107|0x0000000748f00000, 0x0000000748f00000, 0x0000000749000000|  0%| F|  |TAMS 0x0000000748f00000, 0x0000000748f00000| Untracked 
| 108|0x0000000749000000, 0x0000000749000000, 0x0000000749100000|  0%| F|  |TAMS 0x0000000749000000, 0x0000000749000000| Untracked 
| 109|0x0000000749100000, 0x0000000749100000, 0x0000000749200000|  0%| F|  |TAMS 0x0000000749100000, 0x0000000749100000| Untracked 
| 110|0x0000000749200000, 0x0000000749200000, 0x0000000749300000|  0%| F|  |TAMS 0x0000000749200000, 0x0000000749200000| Untracked 
| 111|0x0000000749300000, 0x0000000749300000, 0x0000000749400000|  0%| F|  |TAMS 0x0000000749300000, 0x0000000749300000| Untracked 
| 112|0x0000000749400000, 0x0000000749400000, 0x0000000749500000|  0%| F|  |TAMS 0x0000000749400000, 0x0000000749400000| Untracked 
| 113|0x0000000749500000, 0x0000000749500000, 0x0000000749600000|  0%| F|  |TAMS 0x0000000749500000, 0x0000000749500000| Untracked 
| 114|0x0000000749600000, 0x0000000749600000, 0x0000000749700000|  0%| F|  |TAMS 0x0000000749600000, 0x0000000749600000| Untracked 
| 115|0x0000000749700000, 0x0000000749700000, 0x0000000749800000|  0%| F|  |TAMS 0x0000000749700000, 0x0000000749700000| Untracked 
| 116|0x0000000749800000, 0x0000000749800000, 0x0000000749900000|  0%| F|  |TAMS 0x0000000749800000, 0x0000000749800000| Untracked 
| 117|0x0000000749900000, 0x0000000749900000, 0x0000000749a00000|  0%| F|  |TAMS 0x0000000749900000, 0x0000000749900000| Untracked 
| 118|0x0000000749a00000, 0x0000000749a00000, 0x0000000749b00000|  0%| F|  |TAMS 0x0000000749a00000, 0x0000000749a00000| Untracked 
| 119|0x0000000749b00000, 0x0000000749b00000, 0x0000000749c00000|  0%| F|  |TAMS 0x0000000749b00000, 0x0000000749b00000| Untracked 
| 120|0x0000000749c00000, 0x0000000749c00000, 0x0000000749d00000|  0%| F|  |TAMS 0x0000000749c00000, 0x0000000749c00000| Untracked 
| 121|0x0000000749d00000, 0x0000000749d00000, 0x0000000749e00000|  0%| F|  |TAMS 0x0000000749d00000, 0x0000000749d00000| Untracked 
| 122|0x0000000749e00000, 0x0000000749e00000, 0x0000000749f00000|  0%| F|  |TAMS 0x0000000749e00000, 0x0000000749e00000| Untracked 
| 123|0x0000000749f00000, 0x0000000749f00000, 0x000000074a000000|  0%| F|  |TAMS 0x0000000749f00000, 0x0000000749f00000| Untracked 
| 124|0x000000074a000000, 0x000000074a000000, 0x000000074a100000|  0%| F|  |TAMS 0x000000074a000000, 0x000000074a000000| Untracked 
| 125|0x000000074a100000, 0x000000074a100000, 0x000000074a200000|  0%| F|  |TAMS 0x000000074a100000, 0x000000074a100000| Untracked 
| 126|0x000000074a200000, 0x000000074a200000, 0x000000074a300000|  0%| F|  |TAMS 0x000000074a200000, 0x000000074a200000| Untracked 
| 127|0x000000074a300000, 0x000000074a300000, 0x000000074a400000|  0%| F|  |TAMS 0x000000074a300000, 0x000000074a300000| Untracked 
| 128|0x000000074a400000, 0x000000074a400000, 0x000000074a500000|  0%| F|  |TAMS 0x000000074a400000, 0x000000074a400000| Untracked 
| 129|0x000000074a500000, 0x000000074a500000, 0x000000074a600000|  0%| F|  |TAMS 0x000000074a500000, 0x000000074a500000| Untracked 
| 130|0x000000074a600000, 0x000000074a600000, 0x000000074a700000|  0%| F|  |TAMS 0x000000074a600000, 0x000000074a600000| Untracked 
| 131|0x000000074a700000, 0x000000074a700000, 0x000000074a800000|  0%| F|  |TAMS 0x000000074a700000, 0x000000074a700000| Untracked 
| 132|0x000000074a800000, 0x000000074a800000, 0x000000074a900000|  0%| F|  |TAMS 0x000000074a800000, 0x000000074a800000| Untracked 
| 133|0x000000074a900000, 0x000000074a900000, 0x000000074aa00000|  0%| F|  |TAMS 0x000000074a900000, 0x000000074a900000| Untracked 
| 134|0x000000074aa00000, 0x000000074aa00000, 0x000000074ab00000|  0%| F|  |TAMS 0x000000074aa00000, 0x000000074aa00000| Untracked 
| 135|0x000000074ab00000, 0x000000074ab00000, 0x000000074ac00000|  0%| F|  |TAMS 0x000000074ab00000, 0x000000074ab00000| Untracked 
| 136|0x000000074ac00000, 0x000000074ac00000, 0x000000074ad00000|  0%| F|  |TAMS 0x000000074ac00000, 0x000000074ac00000| Untracked 
| 137|0x000000074ad00000, 0x000000074ad00000, 0x000000074ae00000|  0%| F|  |TAMS 0x000000074ad00000, 0x000000074ad00000| Untracked 
| 138|0x000000074ae00000, 0x000000074ae00000, 0x000000074af00000|  0%| F|  |TAMS 0x000000074ae00000, 0x000000074ae00000| Untracked 
| 139|0x000000074af00000, 0x000000074af00000, 0x000000074b000000|  0%| F|  |TAMS 0x000000074af00000, 0x000000074af00000| Untracked 
| 140|0x000000074b000000, 0x000000074b000000, 0x000000074b100000|  0%| F|  |TAMS 0x000000074b000000, 0x000000074b000000| Untracked 
| 141|0x000000074b100000, 0x000000074b100000, 0x000000074b200000|  0%| F|  |TAMS 0x000000074b100000, 0x000000074b100000| Untracked 
| 142|0x000000074b200000, 0x000000074b200000, 0x000000074b300000|  0%| F|  |TAMS 0x000000074b200000, 0x000000074b200000| Untracked 
| 143|0x000000074b300000, 0x000000074b300000, 0x000000074b400000|  0%| F|  |TAMS 0x000000074b300000, 0x000000074b300000| Untracked 
| 144|0x000000074b400000, 0x000000074b400000, 0x000000074b500000|  0%| F|  |TAMS 0x000000074b400000, 0x000000074b400000| Untracked 
| 145|0x000000074b500000, 0x000000074b500000, 0x000000074b600000|  0%| F|  |TAMS 0x000000074b500000, 0x000000074b500000| Untracked 
| 146|0x000000074b600000, 0x000000074b600000, 0x000000074b700000|  0%| F|  |TAMS 0x000000074b600000, 0x000000074b600000| Untracked 
| 147|0x000000074b700000, 0x000000074b700000, 0x000000074b800000|  0%| F|  |TAMS 0x000000074b700000, 0x000000074b700000| Untracked 
| 148|0x000000074b800000, 0x000000074b800000, 0x000000074b900000|  0%| F|  |TAMS 0x000000074b800000, 0x000000074b800000| Untracked 
| 149|0x000000074b900000, 0x000000074b900000, 0x000000074ba00000|  0%| F|  |TAMS 0x000000074b900000, 0x000000074b900000| Untracked 
| 150|0x000000074ba00000, 0x000000074ba00000, 0x000000074bb00000|  0%| F|  |TAMS 0x000000074ba00000, 0x000000074ba00000| Untracked 
| 151|0x000000074bb00000, 0x000000074bb00000, 0x000000074bc00000|  0%| F|  |TAMS 0x000000074bb00000, 0x000000074bb00000| Untracked 
| 152|0x000000074bc00000, 0x000000074bc00000, 0x000000074bd00000|  0%| F|  |TAMS 0x000000074bc00000, 0x000000074bc00000| Untracked 
| 153|0x000000074bd00000, 0x000000074bd00000, 0x000000074be00000|  0%| F|  |TAMS 0x000000074bd00000, 0x000000074bd00000| Untracked 
| 154|0x000000074be00000, 0x000000074be00000, 0x000000074bf00000|  0%| F|  |TAMS 0x000000074be00000, 0x000000074be00000| Untracked 
| 155|0x000000074bf00000, 0x000000074bf00000, 0x000000074c000000|  0%| F|  |TAMS 0x000000074bf00000, 0x000000074bf00000| Untracked 
| 156|0x000000074c000000, 0x000000074c000000, 0x000000074c100000|  0%| F|  |TAMS 0x000000074c000000, 0x000000074c000000| Untracked 
| 157|0x000000074c100000, 0x000000074c100000, 0x000000074c200000|  0%| F|  |TAMS 0x000000074c100000, 0x000000074c100000| Untracked 
| 158|0x000000074c200000, 0x000000074c200000, 0x000000074c300000|  0%| F|  |TAMS 0x000000074c200000, 0x000000074c200000| Untracked 
| 159|0x000000074c300000, 0x000000074c300000, 0x000000074c400000|  0%| F|  |TAMS 0x000000074c300000, 0x000000074c300000| Untracked 
| 160|0x000000074c400000, 0x000000074c400000, 0x000000074c500000|  0%| F|  |TAMS 0x000000074c400000, 0x000000074c400000| Untracked 
| 161|0x000000074c500000, 0x000000074c500000, 0x000000074c600000|  0%| F|  |TAMS 0x000000074c500000, 0x000000074c500000| Untracked 
| 162|0x000000074c600000, 0x000000074c600000, 0x000000074c700000|  0%| F|  |TAMS 0x000000074c600000, 0x000000074c600000| Untracked 
| 163|0x000000074c700000, 0x000000074c700000, 0x000000074c800000|  0%| F|  |TAMS 0x000000074c700000, 0x000000074c700000| Untracked 
| 164|0x000000074c800000, 0x000000074c800000, 0x000000074c900000|  0%| F|  |TAMS 0x000000074c800000, 0x000000074c800000| Untracked 
| 165|0x000000074c900000, 0x000000074c900000, 0x000000074ca00000|  0%| F|  |TAMS 0x000000074c900000, 0x000000074c900000| Untracked 
| 166|0x000000074ca00000, 0x000000074ca00000, 0x000000074cb00000|  0%| F|  |TAMS 0x000000074ca00000, 0x000000074ca00000| Untracked 
| 167|0x000000074cb00000, 0x000000074cb00000, 0x000000074cc00000|  0%| F|  |TAMS 0x000000074cb00000, 0x000000074cb00000| Untracked 
| 168|0x000000074cc00000, 0x000000074cc00000, 0x000000074cd00000|  0%| F|  |TAMS 0x000000074cc00000, 0x000000074cc00000| Untracked 
| 169|0x000000074cd00000, 0x000000074cd00000, 0x000000074ce00000|  0%| F|  |TAMS 0x000000074cd00000, 0x000000074cd00000| Untracked 
| 170|0x000000074ce00000, 0x000000074ce00000, 0x000000074cf00000|  0%| F|  |TAMS 0x000000074ce00000, 0x000000074ce00000| Untracked 
| 171|0x000000074cf00000, 0x000000074cf00000, 0x000000074d000000|  0%| F|  |TAMS 0x000000074cf00000, 0x000000074cf00000| Untracked 
| 172|0x000000074d000000, 0x000000074d000000, 0x000000074d100000|  0%| F|  |TAMS 0x000000074d000000, 0x000000074d000000| Untracked 
| 173|0x000000074d100000, 0x000000074d100000, 0x000000074d200000|  0%| F|  |TAMS 0x000000074d100000, 0x000000074d100000| Untracked 
| 174|0x000000074d200000, 0x000000074d200000, 0x000000074d300000|  0%| F|  |TAMS 0x000000074d200000, 0x000000074d200000| Untracked 
| 175|0x000000074d300000, 0x000000074d300000, 0x000000074d400000|  0%| F|  |TAMS 0x000000074d300000, 0x000000074d300000| Untracked 
| 176|0x000000074d400000, 0x000000074d400000, 0x000000074d500000|  0%| F|  |TAMS 0x000000074d400000, 0x000000074d400000| Untracked 
| 177|0x000000074d500000, 0x000000074d500000, 0x000000074d600000|  0%| F|  |TAMS 0x000000074d500000, 0x000000074d500000| Untracked 
| 178|0x000000074d600000, 0x000000074d600000, 0x000000074d700000|  0%| F|  |TAMS 0x000000074d600000, 0x000000074d600000| Untracked 
| 179|0x000000074d700000, 0x000000074d700000, 0x000000074d800000|  0%| F|  |TAMS 0x000000074d700000, 0x000000074d700000| Untracked 
| 180|0x000000074d800000, 0x000000074d800000, 0x000000074d900000|  0%| F|  |TAMS 0x000000074d800000, 0x000000074d800000| Untracked 
| 181|0x000000074d900000, 0x000000074d900000, 0x000000074da00000|  0%| F|  |TAMS 0x000000074d900000, 0x000000074d900000| Untracked 
| 182|0x000000074da00000, 0x000000074da00000, 0x000000074db00000|  0%| F|  |TAMS 0x000000074da00000, 0x000000074da00000| Untracked 
| 183|0x000000074db00000, 0x000000074db00000, 0x000000074dc00000|  0%| F|  |TAMS 0x000000074db00000, 0x000000074db00000| Untracked 
| 184|0x000000074dc00000, 0x000000074dc00000, 0x000000074dd00000|  0%| F|  |TAMS 0x000000074dc00000, 0x000000074dc00000| Untracked 
| 185|0x000000074dd00000, 0x000000074dd00000, 0x000000074de00000|  0%| F|  |TAMS 0x000000074dd00000, 0x000000074dd00000| Untracked 
| 186|0x000000074de00000, 0x000000074de00000, 0x000000074df00000|  0%| F|  |TAMS 0x000000074de00000, 0x000000074de00000| Untracked 
| 187|0x000000074df00000, 0x000000074df00000, 0x000000074e000000|  0%| F|  |TAMS 0x000000074df00000, 0x000000074df00000| Untracked 
| 188|0x000000074e000000, 0x000000074e000000, 0x000000074e100000|  0%| F|  |TAMS 0x000000074e000000, 0x000000074e000000| Untracked 
| 189|0x000000074e100000, 0x000000074e200000, 0x000000074e200000|100%| E|  |TAMS 0x000000074e100000, 0x000000074e100000| Complete 
|2010|0x00000007bfe00000, 0x00000007bfe47000, 0x00000007bff00000| 27%|OA|  |TAMS 0x00000007bfe00000, 0x00000007bfe00000| Untracked 
|2011|0x00000007bff00000, 0x00000007bff6b000, 0x00000007c0000000| 41%|CA|  |TAMS 0x00000007bff00000, 0x00000007bff00000| Untracked 

Card table byte_map: [0x00007f9fc23f0000,0x00007f9fc29de000] _byte_map_base: 0x00007f9fbe9de000

Marking Bits (Prev, Next): (CMBitMap*) 0x00007f9fdc06b9b8, (CMBitMap*) 0x00007f9fdc06b9f0
 Prev Bits: [0x00007f9fb9090000, 0x00007f9fbc000000)
 Next Bits: [0x00007f9fb6120000, 0x00007f9fb9090000)

Polling page: 0x00007f9fe3100000

Metaspace:

Usage:
  Non-class:      4.00 MB capacity,   190.41 KB (  5%) used,     3.82 MB ( 95%) free+waste,   128 bytes ( <1%) overhead. 
      Class:    386.00 KB capacity,     9.03 KB (  2%) used,   376.84 KB ( 98%) free+waste,   128 bytes ( <1%) overhead. 
       Both:      4.38 MB capacity,   199.45 KB (  4%) used,     4.19 MB ( 96%) free+waste,   256 bytes ( <1%) overhead. 

Virtual space:
  Non-class space:        8.00 MB reserved,       4.25 MB ( 53%) committed 
      Class space:        1.00 GB reserved,     512.00 KB ( <1%) committed 
             Both:        1.01 GB reserved,       4.75 MB ( <1%) committed 

Chunk freelists:
   Non-Class:  0 bytes
       Class:  0 bytes
        Both:  0 bytes

MaxMetaspaceSize: unlimited
CompressedClassSpaceSize: 1.00 GB
Initial GC threshold: 20.80 MB
Current GC threshold: 20.80 MB
CDS: on

CodeHeap 'non-profiled nmethods': size=120032Kb used=14Kb max_used=14Kb free=120017Kb
 bounds [0x00007f9fcb428000, 0x00007f9fcb698000, 0x00007f9fd2960000]
CodeHeap 'profiled nmethods': size=120028Kb used=83Kb max_used=83Kb free=119944Kb
 bounds [0x00007f9fc3ef1000, 0x00007f9fc4161000, 0x00007f9fcb428000]
CodeHeap 'non-nmethods': size=5700Kb used=1022Kb max_used=1031Kb free=4677Kb
 bounds [0x00007f9fc3960000, 0x00007f9fc3bd0000, 0x00007f9fc3ef1000]
 total_blobs=305 nmethods=60 adapters=159
 compilation: enabled
              stopped_count=0, restarted_count=0
 full_count=0

Compilation events (20 events):
Event: 0.159 Thread 0x00007f9fdc18a800   57       4       java.util.ImmutableCollections$SetN$SetNIterator::nextIndex (56 bytes)
Event: 0.159 Thread 0x00007f9fdc18c800 nmethod 49 0x00007f9fc3f00a90 code [0x00007f9fc3f00d60, 0x00007f9fc3f02300]
Event: 0.159 Thread 0x00007f9fdc18c800   50       3       java.util.ImmutableCollections$MapN::probe (60 bytes)
Event: 0.160 Thread 0x00007f9fdc18c800 nmethod 50 0x00007f9fc3f02790 code [0x00007f9fc3f02980, 0x00007f9fc3f02f70]
Event: 0.160 Thread 0x00007f9fdc18c800   51       3       jdk.internal.module.ModuleBootstrap$2::hasNext (30 bytes)
Event: 0.161 Thread 0x00007f9fdc18c800 nmethod 51 0x00007f9fc3f03190 code [0x00007f9fc3f03360, 0x00007f9fc3f036b0]
Event: 0.161 Thread 0x00007f9fdc18c800   52       3       jdk.internal.module.ModuleBootstrap$2::next (52 bytes)
Event: 0.161 Thread 0x00007f9fdc18a800 nmethod 57 0x00007f9fcb42b410 code [0x00007f9fcb42b5a0, 0x00007f9fcb42b658]
Event: 0.161 Thread 0x00007f9fdc18c800 nmethod 52 0x00007f9fc3f03790 code [0x00007f9fc3f039a0, 0x00007f9fc3f03f20]
Event: 0.161 Thread 0x00007f9fdc18c800   53       3       java.util.HashMap::putIfAbsent (13 bytes)
Event: 0.162 Thread 0x00007f9fdc18c800 nmethod 53 0x00007f9fc3f04090 code [0x00007f9fc3f04260, 0x00007f9fc3f04570]
Event: 0.162 Thread 0x00007f9fdc18c800   45       3       java.util.HashSet::add (20 bytes)
Event: 0.162 Thread 0x00007f9fdc18c800 nmethod 45 0x00007f9fc3f04690 code [0x00007f9fc3f04880, 0x00007f9fc3f04cf0]
Event: 0.162 Thread 0x00007f9fdc18c800   56       1       java.lang.Module::getDescriptor (5 bytes)
Event: 0.162 Thread 0x00007f9fdc18c800 nmethod 56 0x00007f9fcb42b710 code [0x00007f9fcb42b8c0, 0x00007f9fcb42b990]
Event: 0.167 Thread 0x00007f9fdc18c800   58       3       java.lang.String::charAt (25 bytes)
Event: 0.168 Thread 0x00007f9fdc18c800 nmethod 58 0x00007f9fc3f04e90 code [0x00007f9fc3f050a0, 0x00007f9fc3f055d0]
Event: 0.168 Thread 0x00007f9fdc18c800   59       3       java.lang.CharacterDataLatin1::getProperties (11 bytes)
Event: 0.168 Thread 0x00007f9fdc18c800 nmethod 59 0x00007f9fc3f05810 code [0x00007f9fc3f059c0, 0x00007f9fc3f05b10]
Event: 0.175 Thread 0x00007f9fdc18c800   60       3       java.lang.StringLatin1::canEncode (13 bytes)

GC Heap History (0 events):
No events

Deoptimization events (0 events):
No events

Classes redefined (0 events):
No events

Internal exceptions (0 events):
No events

Events (20 events):
Event: 0.164 loading class jdk/internal/loader/URLClassPath$FileLoader
Event: 0.164 loading class jdk/internal/loader/URLClassPath$FileLoader done
Event: 0.165 loading class sun/nio/cs/ThreadLocalCoders
Event: 0.165 loading class sun/nio/cs/ThreadLocalCoders done
Event: 0.165 loading class sun/nio/cs/ThreadLocalCoders$1
Event: 0.165 loading class sun/nio/cs/ThreadLocalCoders$Cache
Event: 0.165 loading class sun/nio/cs/ThreadLocalCoders$Cache done
Event: 0.165 loading class sun/nio/cs/ThreadLocalCoders$1 done
Event: 0.166 loading class sun/nio/cs/ThreadLocalCoders$2
Event: 0.166 loading class sun/nio/cs/ThreadLocalCoders$2 done
Event: 0.166 loading class sun/nio/cs/UTF_8$Decoder
Event: 0.166 loading class java/nio/charset/CharsetDecoder
Event: 0.166 loading class java/nio/charset/CharsetDecoder done
Event: 0.166 loading class sun/nio/cs/UTF_8$Decoder done
Event: 0.168 loading class jdk/internal/loader/URLClassPath$FileLoader$1
Event: 0.168 loading class jdk/internal/loader/URLClassPath$FileLoader$1 done
Event: 0.171 Thread 0x00007f9fdc1e1800 Thread added: 0x00007f9fdc1e1800
Event: 0.171 Protecting memory [0x00007f9f8fab0000,0x00007f9f8fab4000] with protection modes 0
Event: 0.171 Executing VM operation: RevokeBias
Event: 0.171 Executing VM operation: RevokeBias done


Dynamic libraries:
742400000-74e200000 rw-p 00000000 00:00 0
74e200000-7bfe00000 ---p 00000000 00:00 0
7bfe00000-7bfe47000 rw-p 01119000 00:00 1045883                  /usr/lib/jvm/java-11-openjdk-amd64/lib/server/classes.jsa
7bfe47000-7bff00000 rw-p 00000000 00:00 0
7bff00000-7bff6b000 rw-p 010ae000 00:00 1045883                  /usr/lib/jvm/java-11-openjdk-amd64/lib/server/classes.jsa
7bff6b000-7c0000000 rw-p 00000000 00:00 0
7c0000000-800000000 ---p 00000000 00:00 0
800000000-800002000 rwxp 00001000 00:00 1045883                  /usr/lib/jvm/java-11-openjdk-amd64/lib/server/classes.jsa
800002000-8003cb000 rw-p 00003000 00:00 1045883                  /usr/lib/jvm/java-11-openjdk-amd64/lib/server/classes.jsa
8003cb000-800a9a000 r--p 003cc000 00:00 1045883                  /usr/lib/jvm/java-11-openjdk-amd64/lib/server/classes.jsa
800a9a000-800a9b000 rw-p 00a9b000 00:00 1045883                  /usr/lib/jvm/java-11-openjdk-amd64/lib/server/classes.jsa
800a9b000-8010ad000 r--p 00a9c000 00:00 1045883                  /usr/lib/jvm/java-11-openjdk-amd64/lib/server/classes.jsa
840000000-840080000 rw-p 00000000 00:00 0
840080000-880000000 ---p 00000000 00:00 0
7f9f78000000-7f9f78021000 rw-p 00000000 00:00 0
7f9f78021000-7f9f7c000000 ---p 00000000 00:00 0
7f9f7c000000-7f9f7c021000 rw-p 00000000 00:00 0
7f9f7c021000-7f9f80000000 ---p 00000000 00:00 0
7f9f80000000-7f9f80075000 rw-p 00000000 00:00 0
7f9f80075000-7f9f84000000 ---p 00000000 00:00 0
7f9f84000000-7f9f84021000 rw-p 00000000 00:00 0
7f9f84021000-7f9f88000000 ---p 00000000 00:00 0
7f9f88000000-7f9f88086000 rw-p 00000000 00:00 0
7f9f88086000-7f9f8c000000 ---p 00000000 00:00 0
7f9f8fab0000-7f9f8fab4000 ---p 00000000 00:00 0
7f9f8fab4000-7f9f8fbb1000 rw-p 00000000 00:00 0
7f9f8fbc0000-7f9f8fbc1000 ---p 00000000 00:00 0
7f9f8fbc1000-7f9f8fcc2000 rw-p 00000000 00:00 0
7f9f8fcd0000-7f9f8fcd4000 ---p 00000000 00:00 0
7f9f8fcd4000-7f9f8fdd1000 rw-p 00000000 00:00 0
7f9f8fde0000-7f9f8fde4000 ---p 00000000 00:00 0
7f9f8fde4000-7f9f8fee1000 rw-p 00000000 00:00 0
7f9f8fef0000-7f9f8fef4000 ---p 00000000 00:00 0
7f9f8fef4000-7f9f8fff1000 rw-p 00000000 00:00 0
7f9f90000000-7f9f90021000 rw-p 00000000 00:00 0
7f9f90021000-7f9f94000000 ---p 00000000 00:00 0
7f9f94000000-7f9f94021000 rw-p 00000000 00:00 0
7f9f94021000-7f9f98000000 ---p 00000000 00:00 0
7f9f98000000-7f9f98021000 rw-p 00000000 00:00 0
7f9f98021000-7f9f9c000000 ---p 00000000 00:00 0
7f9f9c000000-7f9f9c021000 rw-p 00000000 00:00 0
7f9f9c021000-7f9fa0000000 ---p 00000000 00:00 0
7f9fa0000000-7f9fa0021000 rw-p 00000000 00:00 0
7f9fa0021000-7f9fa4000000 ---p 00000000 00:00 0
7f9fa4000000-7f9fa4021000 rw-p 00000000 00:00 0
7f9fa4021000-7f9fa8000000 ---p 00000000 00:00 0
7f9fa8000000-7f9fa8021000 rw-p 00000000 00:00 0
7f9fa8021000-7f9fac000000 ---p 00000000 00:00 0
7f9fac000000-7f9fac021000 rw-p 00000000 00:00 0
7f9fac021000-7f9fb0000000 ---p 00000000 00:00 0
7f9fb0000000-7f9fb0021000 rw-p 00000000 00:00 0
7f9fb0021000-7f9fb4000000 ---p 00000000 00:00 0
7f9fb4010000-7f9fb4014000 ---p 00000000 00:00 0
7f9fb4014000-7f9fb4111000 rw-p 00000000 00:00 0
7f9fb4120000-7f9fb6418000 rw-p 00000000 00:00 0
7f9fb6418000-7f9fb8088000 ---p 00000000 00:00 0
7f9fb8088000-7f9fb8090000 rw-p 00000000 00:00 0
7f9fb8090000-7f9fb9090000 ---p 00000000 00:00 0
7f9fb9090000-7f9fb9388000 rw-p 00000000 00:00 0
7f9fb9388000-7f9fbaff8000 ---p 00000000 00:00 0
7f9fbaff8000-7f9fbb000000 rw-p 00000000 00:00 0
7f9fbb000000-7f9fbc000000 ---p 00000000 00:00 0
7f9fbc000000-7f9fbc021000 rw-p 00000000 00:00 0
7f9fbc021000-7f9fc0000000 ---p 00000000 00:00 0
7f9fc0040000-7f9fc0044000 ---p 00000000 00:00 0
7f9fc0044000-7f9fc0141000 rw-p 00000000 00:00 0
7f9fc0142000-7f9fc02b5000 r--p 00000000 00:00 188683             /usr/lib/locale/C.UTF-8/LC_COLLATE
7f9fc02b5000-7f9fc0450000 r--p 00000000 00:00 188695             /usr/lib/locale/locale-archive
7f9fc0450000-7f9fc0454000 ---p 00000000 00:00 0
7f9fc0454000-7f9fc0551000 rw-p 00000000 00:00 0
7f9fc0560000-7f9fc0564000 ---p 00000000 00:00 0
7f9fc0564000-7f9fc0661000 rw-p 00000000 00:00 0
7f9fc0670000-7f9fc0671000 ---p 00000000 00:00 0
7f9fc0671000-7f9fc0772000 rw-p 00000000 00:00 0
7f9fc0780000-7f9fc0801000 rw-p 00000000 00:00 0
7f9fc0810000-7f9fc086b000 rw-p 00000000 00:00 0
7f9fc0870000-7f9fc0cb0000 rw-p 00000000 00:00 0
7f9fc0cb0000-7f9fc1071000 ---p 00000000 00:00 0
7f9fc1071000-7f9fc1172000 rw-p 00000000 00:00 0
7f9fc1180000-7f9fc1181000 ---p 00000000 00:00 0
7f9fc1181000-7f9fc1282000 rw-p 00000000 00:00 0
7f9fc1290000-7f9fc1391000 rw-p 00000000 00:00 0
7f9fc13a0000-7f9fc14a1000 rw-p 00000000 00:00 0
7f9fc14b0000-7f9fc15b1000 rw-p 00000000 00:00 0
7f9fc15c0000-7f9fc16c1000 rw-p 00000000 00:00 0
7f9fc16d0000-7f9fc17d1000 rw-p 00000000 00:00 0
7f9fc17e0000-7f9fc18e1000 rw-p 00000000 00:00 0
7f9fc18f0000-7f9fc19f1000 rw-p 00000000 00:00 0
7f9fc1a00000-7f9fc1b01000 rw-p 00000000 00:00 0
7f9fc1b10000-7f9fc1b11000 ---p 00000000 00:00 0
7f9fc1b11000-7f9fc1c12000 rw-p 00000000 00:00 0
7f9fc1c20000-7f9fc1c21000 ---p 00000000 00:00 0
7f9fc1c21000-7f9fc1d22000 rw-p 00000000 00:00 0
7f9fc1d30000-7f9fc1df4000 rw-p 00000000 00:00 0
7f9fc1e00000-7f9fc1e5f000 rw-p 00000000 00:00 0
7f9fc1e5f000-7f9fc21ed000 ---p 00000000 00:00 0
7f9fc21ed000-7f9fc21ee000 rw-p 00000000 00:00 0
7f9fc21ee000-7f9fc23ee000 ---p 00000000 00:00 0
7f9fc23f0000-7f9fc244f000 rw-p 00000000 00:00 0
7f9fc244f000-7f9fc27dd000 ---p 00000000 00:00 0
7f9fc27dd000-7f9fc27de000 rw-p 00000000 00:00 0
7f9fc27de000-7f9fc29de000 ---p 00000000 00:00 0
7f9fc29e0000-7f9fc2a3f000 rw-p 00000000 00:00 0
7f9fc2a3f000-7f9fc2dcd000 ---p 00000000 00:00 0
7f9fc2dcd000-7f9fc2dce000 rw-p 00000000 00:00 0
7f9fc2dce000-7f9fc2fce000 ---p 00000000 00:00 0
7f9fc2fd0000-7f9fc30d1000 rw-p 00000000 00:00 0
7f9fc30e0000-7f9fc31e1000 rw-p 00000000 00:00 0
7f9fc31f0000-7f9fc32f1000 rw-p 00000000 00:00 0
7f9fc3300000-7f9fc3401000 rw-p 00000000 00:00 0
7f9fc3410000-7f9fc3511000 rw-p 00000000 00:00 0
7f9fc3520000-7f9fc3621000 rw-p 00000000 00:00 0
7f9fc3630000-7f9fc3731000 rw-p 00000000 00:00 0
7f9fc3740000-7f9fc3841000 rw-p 00000000 00:00 0
7f9fc3850000-7f9fc3851000 ---p 00000000 00:00 0
7f9fc3851000-7f9fc3952000 rw-p 00000000 00:00 0
7f9fc3960000-7f9fc3bd0000 rwxp 00000000 00:00 0
7f9fc3bd0000-7f9fc3ef1000 ---p 00000000 00:00 0
7f9fc3ef1000-7f9fc4161000 rwxp 00000000 00:00 0
7f9fc4161000-7f9fcb428000 ---p 00000000 00:00 0
7f9fcb428000-7f9fcb698000 rwxp 00000000 00:00 0
7f9fcb698000-7f9fd2960000 ---p 00000000 00:00 0
7f9fd296e000-7f9fdb150000 r--s 00000000 00:00 1038026            /usr/lib/jvm/java-11-openjdk-amd64/lib/modules
7f9fdb150000-7f9fdb157000 r-xp 00000000 00:00 1037985            /usr/lib/jvm/java-11-openjdk-amd64/lib/libzip.so
7f9fdb157000-7f9fdb159000 ---p 00007000 00:00 1037985            /usr/lib/jvm/java-11-openjdk-amd64/lib/libzip.so
7f9fdb159000-7f9fdb357000 ---p 00009000 00:00 1037985            /usr/lib/jvm/java-11-openjdk-amd64/lib/libzip.so
7f9fdb357000-7f9fdb358000 r--p 00007000 00:00 1037985            /usr/lib/jvm/java-11-openjdk-amd64/lib/libzip.so
7f9fdb358000-7f9fdb359000 rw-p 00008000 00:00 1037985            /usr/lib/jvm/java-11-openjdk-amd64/lib/libzip.so
7f9fdb360000-7f9fdb36b000 r-xp 00000000 00:00 230856             /lib/x86_64-linux-gnu/libnss_files-2.27.so
7f9fdb36b000-7f9fdb36c000 ---p 0000b000 00:00 230856             /lib/x86_64-linux-gnu/libnss_files-2.27.so
7f9fdb36c000-7f9fdb56a000 ---p 0000c000 00:00 230856             /lib/x86_64-linux-gnu/libnss_files-2.27.so
7f9fdb56a000-7f9fdb56b000 r--p 0000a000 00:00 230856             /lib/x86_64-linux-gnu/libnss_files-2.27.so
7f9fdb56b000-7f9fdb56c000 rw-p 0000b000 00:00 230856             /lib/x86_64-linux-gnu/libnss_files-2.27.so
7f9fdb56c000-7f9fdb572000 rw-p 00000000 00:00 0
7f9fdb580000-7f9fdb597000 r-xp 00000000 00:00 230027             /lib/x86_64-linux-gnu/libnsl-2.27.so
7f9fdb597000-7f9fdb598000 ---p 00017000 00:00 230027             /lib/x86_64-linux-gnu/libnsl-2.27.so
7f9fdb598000-7f9fdb796000 ---p 00018000 00:00 230027             /lib/x86_64-linux-gnu/libnsl-2.27.so
7f9fdb796000-7f9fdb797000 r--p 00016000 00:00 230027             /lib/x86_64-linux-gnu/libnsl-2.27.so
7f9fdb797000-7f9fdb798000 rw-p 00017000 00:00 230027             /lib/x86_64-linux-gnu/libnsl-2.27.so
7f9fdb798000-7f9fdb79a000 rw-p 00000000 00:00 0
7f9fdb7a0000-7f9fdb7ab000 r-xp 00000000 00:00 231519             /lib/x86_64-linux-gnu/libnss_nis-2.27.so
7f9fdb7ab000-7f9fdb7ac000 ---p 0000b000 00:00 231519             /lib/x86_64-linux-gnu/libnss_nis-2.27.so
7f9fdb7ac000-7f9fdb9aa000 ---p 0000c000 00:00 231519             /lib/x86_64-linux-gnu/libnss_nis-2.27.so
7f9fdb9aa000-7f9fdb9ab000 r--p 0000a000 00:00 231519             /lib/x86_64-linux-gnu/libnss_nis-2.27.so
7f9fdb9ab000-7f9fdb9ac000 rw-p 0000b000 00:00 231519             /lib/x86_64-linux-gnu/libnss_nis-2.27.so
7f9fdb9b0000-7f9fdb9b8000 r-xp 00000000 00:00 230028             /lib/x86_64-linux-gnu/libnss_compat-2.27.so
7f9fdb9b8000-7f9fdb9ba000 ---p 00008000 00:00 230028             /lib/x86_64-linux-gnu/libnss_compat-2.27.so
7f9fdb9ba000-7f9fdbbb8000 ---p 0000a000 00:00 230028             /lib/x86_64-linux-gnu/libnss_compat-2.27.so
7f9fdbbb8000-7f9fdbbb9000 r--p 00008000 00:00 230028             /lib/x86_64-linux-gnu/libnss_compat-2.27.so
7f9fdbbb9000-7f9fdbbba000 rw-p 00009000 00:00 230028             /lib/x86_64-linux-gnu/libnss_compat-2.27.so
7f9fdbbc0000-7f9fdbbc5000 r-xp 00000000 00:00 1037498            /usr/lib/jvm/java-11-openjdk-amd64/lib/libjimage.so
7f9fdbbc5000-7f9fdbbc6000 ---p 00005000 00:00 1037498            /usr/lib/jvm/java-11-openjdk-amd64/lib/libjimage.so
7f9fdbbc6000-7f9fdbdc4000 ---p 00006000 00:00 1037498            /usr/lib/jvm/java-11-openjdk-amd64/lib/libjimage.so
7f9fdbdc4000-7f9fdbdc5000 r--p 00004000 00:00 1037498            /usr/lib/jvm/java-11-openjdk-amd64/lib/libjimage.so
7f9fdbdc5000-7f9fdbdc6000 rw-p 00005000 00:00 1037498            /usr/lib/jvm/java-11-openjdk-amd64/lib/libjimage.so
7f9fdbdd0000-7f9fdbdf8000 r-xp 00000000 00:00 1037495            /usr/lib/jvm/java-11-openjdk-amd64/lib/libjava.so
7f9fdbdf8000-7f9fdbdfb000 ---p 00028000 00:00 1037495            /usr/lib/jvm/java-11-openjdk-amd64/lib/libjava.so
7f9fdbdfb000-7f9fdbff8000 ---p 0002b000 00:00 1037495            /usr/lib/jvm/java-11-openjdk-amd64/lib/libjava.so
7f9fdbff8000-7f9fdbff9000 r--p 00028000 00:00 1037495            /usr/lib/jvm/java-11-openjdk-amd64/lib/libjava.so
7f9fdbff9000-7f9fdbffa000 rw-p 00029000 00:00 1037495            /usr/lib/jvm/java-11-openjdk-amd64/lib/libjava.so
7f9fdbffa000-7f9fdbffb000 rw-p 00000000 00:00 0
7f9fdc000000-7f9fdc1ed000 rw-p 00000000 00:00 0
7f9fdc1ed000-7f9fe0000000 ---p 00000000 00:00 0
7f9fe0000000-7f9fe0005000 rw-p 00000000 00:00 0
7f9fe0005000-7f9fe00eb000 ---p 00000000 00:00 0
7f9fe00f0000-7f9fe00f5000 rw-p 00000000 00:00 0
7f9fe00f5000-7f9fe01db000 ---p 00000000 00:00 0
7f9fe01e0000-7f9fe01ed000 r-xp 00000000 00:00 1037983            /usr/lib/jvm/java-11-openjdk-amd64/lib/libverify.so
7f9fe01ed000-7f9fe01ef000 ---p 0000d000 00:00 1037983            /usr/lib/jvm/java-11-openjdk-amd64/lib/libverify.so
7f9fe01ef000-7f9fe03ec000 ---p 0000f000 00:00 1037983            /usr/lib/jvm/java-11-openjdk-amd64/lib/libverify.so
7f9fe03ec000-7f9fe03ee000 r--p 0000c000 00:00 1037983            /usr/lib/jvm/java-11-openjdk-amd64/lib/libverify.so
7f9fe03ee000-7f9fe03ef000 rw-p 0000e000 00:00 1037983            /usr/lib/jvm/java-11-openjdk-amd64/lib/libverify.so
7f9fe03f0000-7f9fe03f7000 r-xp 00000000 00:00 240087             /lib/x86_64-linux-gnu/librt-2.27.so
7f9fe03f7000-7f9fe03f8000 ---p 00007000 00:00 240087             /lib/x86_64-linux-gnu/librt-2.27.so
7f9fe03f8000-7f9fe05f6000 ---p 00008000 00:00 240087             /lib/x86_64-linux-gnu/librt-2.27.so
7f9fe05f6000-7f9fe05f7000 r--p 00006000 00:00 240087             /lib/x86_64-linux-gnu/librt-2.27.so
7f9fe05f7000-7f9fe05f8000 rw-p 00007000 00:00 240087             /lib/x86_64-linux-gnu/librt-2.27.so
7f9fe0600000-7f9fe0617000 r-xp 00000000 00:00 185196             /lib/x86_64-linux-gnu/libgcc_s.so.1
7f9fe0617000-7f9fe0618000 ---p 00017000 00:00 185196             /lib/x86_64-linux-gnu/libgcc_s.so.1
7f9fe0618000-7f9fe0816000 ---p 00018000 00:00 185196             /lib/x86_64-linux-gnu/libgcc_s.so.1
7f9fe0816000-7f9fe0817000 r--p 00016000 00:00 185196             /lib/x86_64-linux-gnu/libgcc_s.so.1
7f9fe0817000-7f9fe0818000 rw-p 00017000 00:00 185196             /lib/x86_64-linux-gnu/libgcc_s.so.1
7f9fe0820000-7f9fe09bd000 r-xp 00000000 00:00 222640             /lib/x86_64-linux-gnu/libm-2.27.so
7f9fe09bd000-7f9fe09c0000 ---p 0019d000 00:00 222640             /lib/x86_64-linux-gnu/libm-2.27.so
7f9fe09c0000-7f9fe0bbc000 ---p 001a0000 00:00 222640             /lib/x86_64-linux-gnu/libm-2.27.so
7f9fe0bbc000-7f9fe0bbd000 r--p 0019c000 00:00 222640             /lib/x86_64-linux-gnu/libm-2.27.so
7f9fe0bbd000-7f9fe0bbe000 rw-p 0019d000 00:00 222640             /lib/x86_64-linux-gnu/libm-2.27.so
7f9fe0bc0000-7f9fe0d39000 r-xp 00000000 00:00 280607             /usr/lib/x86_64-linux-gnu/libstdc++.so.6.0.25
7f9fe0d39000-7f9fe0d46000 ---p 00179000 00:00 280607             /usr/lib/x86_64-linux-gnu/libstdc++.so.6.0.25
7f9fe0d46000-7f9fe0f39000 ---p 00186000 00:00 280607             /usr/lib/x86_64-linux-gnu/libstdc++.so.6.0.25
7f9fe0f39000-7f9fe0f43000 r--p 00179000 00:00 280607             /usr/lib/x86_64-linux-gnu/libstdc++.so.6.0.25
7f9fe0f43000-7f9fe0f45000 rw-p 00183000 00:00 280607             /usr/lib/x86_64-linux-gnu/libstdc++.so.6.0.25
7f9fe0f45000-7f9fe0f49000 rw-p 00000000 00:00 0
7f9fe0f50000-7f9fe2048000 r-xp 00000000 00:00 1038071            /usr/lib/jvm/java-11-openjdk-amd64/lib/server/libjvm.so
7f9fe2048000-7f9fe2148000 ---p 010f8000 00:00 1038071            /usr/lib/jvm/java-11-openjdk-amd64/lib/server/libjvm.so
7f9fe2148000-7f9fe2248000 ---p 011f8000 00:00 1038071            /usr/lib/jvm/java-11-openjdk-amd64/lib/server/libjvm.so
7f9fe2248000-7f9fe230c000 r--p 010f8000 00:00 1038071            /usr/lib/jvm/java-11-openjdk-amd64/lib/server/libjvm.so
7f9fe230c000-7f9fe2347000 rw-p 011bc000 00:00 1038071            /usr/lib/jvm/java-11-openjdk-amd64/lib/server/libjvm.so
7f9fe2347000-7f9fe239e000 rw-p 00000000 00:00 0
7f9fe23a0000-7f9fe23ba000 r-xp 00000000 00:00 239253             /lib/x86_64-linux-gnu/libpthread-2.27.so
7f9fe23ba000-7f9fe23c4000 ---p 0001a000 00:00 239253             /lib/x86_64-linux-gnu/libpthread-2.27.so
7f9fe23c4000-7f9fe25b9000 ---p 00024000 00:00 239253             /lib/x86_64-linux-gnu/libpthread-2.27.so
7f9fe25b9000-7f9fe25ba000 r--p 00019000 00:00 239253             /lib/x86_64-linux-gnu/libpthread-2.27.so
7f9fe25ba000-7f9fe25bb000 rw-p 0001a000 00:00 239253             /lib/x86_64-linux-gnu/libpthread-2.27.so
7f9fe25bb000-7f9fe25bf000 rw-p 00000000 00:00 0
7f9fe25c0000-7f9fe25c3000 r-xp 00000000 00:00 220838             /lib/x86_64-linux-gnu/libdl-2.27.so
7f9fe25c3000-7f9fe25c4000 ---p 00003000 00:00 220838             /lib/x86_64-linux-gnu/libdl-2.27.so
7f9fe25c4000-7f9fe27c2000 ---p 00004000 00:00 220838             /lib/x86_64-linux-gnu/libdl-2.27.so
7f9fe27c2000-7f9fe27c3000 r--p 00002000 00:00 220838             /lib/x86_64-linux-gnu/libdl-2.27.so
7f9fe27c3000-7f9fe27c4000 rw-p 00003000 00:00 220838             /lib/x86_64-linux-gnu/libdl-2.27.so
7f9fe27d0000-7f9fe27ec000 r-xp 00000000 00:00 185757             /lib/x86_64-linux-gnu/libz.so.1.2.11
7f9fe27ec000-7f9fe27ed000 ---p 0001c000 00:00 185757             /lib/x86_64-linux-gnu/libz.so.1.2.11
7f9fe27ed000-7f9fe29eb000 ---p 0001d000 00:00 185757             /lib/x86_64-linux-gnu/libz.so.1.2.11
7f9fe29eb000-7f9fe29ec000 r--p 0001b000 00:00 185757             /lib/x86_64-linux-gnu/libz.so.1.2.11
7f9fe29ec000-7f9fe29ed000 rw-p 0001c000 00:00 185757             /lib/x86_64-linux-gnu/libz.so.1.2.11
7f9fe29f0000-7f9fe2bd7000 r-xp 00000000 00:00 197194             /lib/x86_64-linux-gnu/libc-2.27.so
7f9fe2bd7000-7f9fe2be0000 ---p 001e7000 00:00 197194             /lib/x86_64-linux-gnu/libc-2.27.so
7f9fe2be0000-7f9fe2dd7000 ---p 001f0000 00:00 197194             /lib/x86_64-linux-gnu/libc-2.27.so
7f9fe2dd7000-7f9fe2ddb000 r--p 001e7000 00:00 197194             /lib/x86_64-linux-gnu/libc-2.27.so
7f9fe2ddb000-7f9fe2ddd000 rw-p 001eb000 00:00 197194             /lib/x86_64-linux-gnu/libc-2.27.so
7f9fe2ddd000-7f9fe2de1000 rw-p 00000000 00:00 0
7f9fe2df0000-7f9fe2dff000 r-xp 00000000 00:00 1037464            /usr/lib/jvm/java-11-openjdk-amd64/lib/jli/libjli.so
7f9fe2dff000-7f9fe2e00000 ---p 0000f000 00:00 1037464            /usr/lib/jvm/java-11-openjdk-amd64/lib/jli/libjli.so
7f9fe2e00000-7f9fe2ffe000 ---p 00010000 00:00 1037464            /usr/lib/jvm/java-11-openjdk-amd64/lib/jli/libjli.so
7f9fe2ffe000-7f9fe2fff000 r--p 0000e000 00:00 1037464            /usr/lib/jvm/java-11-openjdk-amd64/lib/jli/libjli.so
7f9fe2fff000-7f9fe3000000 rw-p 0000f000 00:00 1037464            /usr/lib/jvm/java-11-openjdk-amd64/lib/jli/libjli.so
7f9fe3000000-7f9fe3028000 r-xp 00000000 00:00 197139             /lib/x86_64-linux-gnu/ld-2.27.so
7f9fe3028000-7f9fe3029000 r-xp 00028000 00:00 197139             /lib/x86_64-linux-gnu/ld-2.27.so
7f9fe302f000-7f9fe3060000 r--p 00000000 00:00 188684             /usr/lib/locale/C.UTF-8/LC_CTYPE
7f9fe3060000-7f9fe3088000 rw-p 00000000 00:00 0
7f9fe3090000-7f9fe30b1000 rw-p 00000000 00:00 0
7f9fe30c0000-7f9fe30e1000 rw-p 00000000 00:00 0
7f9fe30f0000-7f9fe30f5000 rw-p 00000000 00:00 0
7f9fe30f5000-7f9fe30fc000 ---p 00000000 00:00 0
7f9fe3100000-7f9fe3101000 ---p 00000000 00:00 0
7f9fe3101000-7f9fe3102000 r--p 00000000 00:00 0
7f9fe3110000-7f9fe3114000 ---p 00000000 00:00 0
7f9fe3114000-7f9fe3211000 rw-p 00000000 00:00 0
7f9fe321d000-7f9fe321e000 r--p 00000000 00:00 188691             /usr/lib/locale/C.UTF-8/LC_NUMERIC
7f9fe321e000-7f9fe321f000 r--p 00000000 00:00 188694             /usr/lib/locale/C.UTF-8/LC_TIME
7f9fe321f000-7f9fe3220000 r--p 00000000 00:00 188689             /usr/lib/locale/C.UTF-8/LC_MONETARY
7f9fe3220000-7f9fe3222000 rw-p 00000000 00:00 0
7f9fe3222000-7f9fe3229000 r--s 00000000 00:00 264671             /usr/lib/x86_64-linux-gnu/gconv/gconv-modules.cache
7f9fe3229000-7f9fe322a000 r--p 00029000 00:00 197139             /lib/x86_64-linux-gnu/ld-2.27.so
7f9fe322a000-7f9fe322b000 rw-p 0002a000 00:00 197139             /lib/x86_64-linux-gnu/ld-2.27.so
7f9fe322b000-7f9fe322c000 rw-p 00000000 00:00 0
7f9fe322c000-7f9fe322d000 r--p 00000000 00:00 188688             /usr/lib/locale/C.UTF-8/LC_MESSAGES/SYS_LC_MESSAGES
7f9fe322d000-7f9fe322e000 r--p 00000000 00:00 188692             /usr/lib/locale/C.UTF-8/LC_PAPER
7f9fe322e000-7f9fe322f000 r--p 00000000 00:00 188690             /usr/lib/locale/C.UTF-8/LC_NAME
7f9fe322f000-7f9fe3230000 r--p 00000000 00:00 188682             /usr/lib/locale/C.UTF-8/LC_ADDRESS
7f9fe3230000-7f9fe3232000 rw-p 00000000 00:00 0
7f9fe3232000-7f9fe3233000 r--p 00000000 00:00 188693             /usr/lib/locale/C.UTF-8/LC_TELEPHONE
7f9fe3233000-7f9fe3234000 r--p 00000000 00:00 188686             /usr/lib/locale/C.UTF-8/LC_MEASUREMENT
7f9fe3234000-7f9fe3235000 r--p 00000000 00:00 188685             /usr/lib/locale/C.UTF-8/LC_IDENTIFICATION
7f9fe3235000-7f9fe3237000 r--s 00007000 00:00 1045831            /usr/share/java/java-atk-wrapper.jar
7f9fe3237000-7f9fe323f000 rw-s 00000000 00:00 183003             /tmp/hsperfdata_h54084078/1684
7f9fe3400000-7f9fe3401000 r-xp 00000000 00:00 1037121            /usr/lib/jvm/java-11-openjdk-amd64/bin/java
7f9fe3601000-7f9fe3602000 r--p 00001000 00:00 1037121            /usr/lib/jvm/java-11-openjdk-amd64/bin/java
7f9fe3602000-7f9fe3603000 rw-p 00002000 00:00 1037121            /usr/lib/jvm/java-11-openjdk-amd64/bin/java
7ffff3c0a000-7ffff3c2b000 rw-p 00000000 00:00 0                  [heap]
7ffffb214000-7ffffba14000 rw-p 00000000 00:00 0                  [stack]
7ffffc0b8000-7ffffc0b9000 r-xp 00000000 00:00 0                  [vdso]


VM Arguments:
jvm_args: -Xverify:none 
java_command: Main
java_class_path (initial): .
Launcher Type: SUN_STANDARD

[Global flags]
     bool BytecodeVerificationLocal                = false                                     {product} {command line}
     bool BytecodeVerificationRemote               = false                                     {product} {command line}
     intx CICompilerCount                          = 4                                         {product} {ergonomic}
     uint ConcGCThreads                            = 2                                         {product} {ergonomic}
     uint G1ConcRefinementThreads                  = 8                                         {product} {ergonomic}
   size_t G1HeapRegionSize                         = 1048576                                   {product} {ergonomic}
    uintx GCDrainStackTargetSize                   = 64                                        {product} {ergonomic}
   size_t InitialHeapSize                          = 199229440                                 {product} {ergonomic}
   size_t MarkStackSize                            = 4194304                                   {product} {ergonomic}
   size_t MaxHeapSize                              = 3183476736                                {product} {ergonomic}
   size_t MaxNewSize                               = 1909456896                                {product} {ergonomic}
   size_t MinHeapDeltaBytes                        = 1048576                                   {product} {ergonomic}
    uintx NonNMethodCodeHeapSize                   = 5836300                                {pd product} {ergonomic}
    uintx NonProfiledCodeHeapSize                  = 122910970                              {pd product} {ergonomic}
    uintx ProfiledCodeHeapSize                     = 122910970                              {pd product} {ergonomic}
    uintx ReservedCodeCacheSize                    = 251658240                              {pd product} {ergonomic}
     bool SegmentedCodeCache                       = true                                      {product} {ergonomic}
     bool UseCompressedClassPointers               = true                                 {lp64_product} {ergonomic}
     bool UseCompressedOops                        = true                                 {lp64_product} {ergonomic}
     bool UseG1GC                                  = true                                      {product} {ergonomic}

Logging:
Log output configuration:
 #0: stdout all=warning uptime,level,tags
 #1: stderr all=off uptime,level,tags

Environment Variables:
PATH=/home/h54084078/.vscode-server/bin/c3511e6c69bb39013c4a4b7b9566ec1ca73fc4d5/bin/remote-cli:/home/h54084078/.local/bin:/usr/local/sbin:/usr/local/bin:/usr/sbin:/usr/bin:/sbin:/bin:/usr/games:/usr/local/games:/mnt/c/Program Files (x86)/VMware/VMware Player/bin/:/mnt/c/Program Files (x86)/Common Files/Oracle/Java/javapath:/mnt/c/Program Files/Common Files/Oracle/Java/javapath:/mnt/c/Windows/system32:/mnt/c/Windows:/mnt/c/Windows/System32/Wbem:/mnt/c/Windows/System32/WindowsPowerShell/v1.0/:/mnt/c/Windows/System32/OpenSSH/:/mnt/c/Program Files (x86)/NVIDIA Corporation/PhysX/Common:/mnt/c/WINDOWS/system32:/mnt/c/WINDOWS:/mnt/c/WINDOWS/System32/Wbem:/mnt/c/WINDOWS/System32/WindowsPowerShell/v1.0/:/mnt/c/WINDOWS/System32/OpenSSH/:/mnt/c/Program Files/Git/cmd:/mnt/c/Program Files/MATLAB/R2020a/bin:/mnt/c/ctags:/mnt/c/gkwave:/mnt/d/:/mnt/c/MinGW/bin:/mnt/c/Program Files/Microchip/xc8/v2.32/bin:/mnt/c/Program Files/Tesseract-OCR:/mnt/c/Program Files/MySQL/MySQL Shell 8.0/bin/:/mnt/c/Users/user/AppData/Local/Microsoft/WindowsApps:/mnt/c/Users/user/AppData/Local/Programs/Microsoft VS Code/bin:/mnt/c/intelFPGA/19.1/modelsim_ase/win32aloem:/mnt/c/Users/user/AppData/Local/GitHubDesktop/bin:/mnt/d/iverilog/bin:/mnt/d/iverilog/gtkwave/bin:/mnt/c/Users/user/AppData/Roaming/npm:/mnt/c/Program Files/heroku/bin:/snap/bin
SHELL=/bin/bash
HOSTTYPE=x86_64
LANG=C.UTF-8

Signal Handlers:
SIGSEGV: [libjvm.so+0xe298a0], sa_mask[0]=11111111111111111111111111111110, sa_flags=SA_RESTART|SA_SIGINFO
SIGBUS: [libjvm.so+0xe298a0], sa_mask[0]=11111111111111111111111111111110, sa_flags=SA_RESTART|SA_SIGINFO
SIGFPE: [libjvm.so+0xe298a0], sa_mask[0]=11111111111111111111111111111110, sa_flags=SA_RESTART|SA_SIGINFO
SIGPIPE: [libjvm.so+0xb7fa20], sa_mask[0]=11111111111111111111111111111110, sa_flags=SA_RESTART|SA_SIGINFO
SIGXFSZ: [libjvm.so+0xb7fa20], sa_mask[0]=11111111111111111111111111111110, sa_flags=SA_RESTART|SA_SIGINFO
SIGILL: [libjvm.so+0xe298a0], sa_mask[0]=11111111111111111111111111111110, sa_flags=SA_RESTART|SA_SIGINFO
SIGUSR2: [libjvm.so+0xb7f8b0], sa_mask[0]=00000000000000000000000000000000, sa_flags=SA_RESTART|SA_SIGINFO
SIGHUP: [libjvm.so+0xb7fd70], sa_mask[0]=11111111111111111111111111111110, sa_flags=SA_RESTART|SA_SIGINFO
SIGINT: [libjvm.so+0xb7fd70], sa_mask[0]=11111111111111111111111111111110, sa_flags=SA_RESTART|SA_SIGINFO
SIGTERM: [libjvm.so+0xb7fd70], sa_mask[0]=11111111111111111111111111111110, sa_flags=SA_RESTART|SA_SIGINFO
SIGQUIT: [libjvm.so+0xb7fd70], sa_mask[0]=11111111111111111111111111111110, sa_flags=SA_RESTART|SA_SIGINFO


---------------  S Y S T E M  ---------------

OS:DISTRIB_ID=Ubuntu
DISTRIB_RELEASE=18.04
DISTRIB_CODENAME=bionic
DISTRIB_DESCRIPTION="Ubuntu 18.04.5 LTS"
uname:Linux 4.4.0-19041-Microsoft #1237-Microsoft Sat Sep 11 14:32:00 PST 2021 x86_64
OS uptime: 0 days 0:53 hours
libc:glibc 2.27 NPTL 2.27 
rlimit (soft/hard): STACK 8192k/8192k , CORE 0k/infinity , NPROC 7823/7823 , NOFILE 65536/65536 , AS infinity/infinity , CPU infinity/infinity , DATA infinity/infinity , FSIZE infinity/infinity , MEMLOCK 64k/64k
load average:0.52 0.58 0.59

/proc/meminfo:
MemTotal:       12430800 kB
MemFree:         6120720 kB
Buffers:           34032 kB
Cached:           188576 kB
SwapCached:            0 kB
Active:           167556 kB
Inactive:         157876 kB
Active(anon):     103104 kB
Inactive(anon):    17440 kB
Active(file):      64452 kB
Inactive(file):   140436 kB
Unevictable:           0 kB
Mlocked:               0 kB
SwapTotal:      15484968 kB
SwapFree:       15215116 kB
Dirty:                 0 kB
Writeback:             0 kB
AnonPages:        102824 kB
Mapped:            71404 kB
Shmem:             17720 kB
Slab:              13868 kB
SReclaimable:       6744 kB
SUnreclaim:         7124 kB
KernelStack:        2848 kB
PageTables:         2524 kB
NFS_Unstable:          0 kB
Bounce:                0 kB
WritebackTmp:          0 kB
CommitLimit:      515524 kB
Committed_AS:    3450064 kB
VmallocTotal:     122880 kB
VmallocUsed:       21296 kB
VmallocChunk:      66044 kB
HardwareCorrupted:     0 kB
AnonHugePages:      2048 kB
HugePages_Total:       0
HugePages_Free:        0
HugePages_Rsvd:        0
HugePages_Surp:        0
Hugepagesize:       2048 kB
DirectMap4k:       12280 kB
DirectMap4M:      897024 kB

/sys/kernel/mm/transparent_hugepage/enabled:
<Not Available>
/sys/kernel/mm/transparent_hugepage/defrag (defrag/compaction efforts parameter):
<Not Available>

Process Memory:
Virtual Size: 5839484K (peak: 0K)
Resident Set Size: 25036K (peak: 0K)
C-Heap outstanding allocations: 3143K

/proc/sys/kernel/threads-max (system-wide limit on the number of threads):
32768
/proc/sys/vm/max_map_count (maximum number of memory map areas a process may have):
<Not Available>
/proc/sys/kernel/pid_max (system-wide limit on number of process identifiers):
32768

Steal ticks since vm start: 0
Steal ticks percentage since vm start:  0.000

CPU:total 8 (initial active 8) (4 cores per cpu, 2 threads per core) family 6 model 142 stepping 11 microcode 0xffffffff, cmov, cx8, fxsr, mmx, sse, sse2, sse3, ssse3, sse4.1, sse4.2, popcnt, avx, avx2, aes, clmul, erms, 3dnowpref, lzcnt, ht, tsc, tscinvbit, bmi1, bmi2, adx, fma
CPU Model and flags from /proc/cpuinfo:
model name	: Intel(R) Core(TM) i5-8265U CPU @ 1.60GHz
flags		: fpu vme de pse tsc msr pae mce cx8 apic sep mtrr pge mca cmov pat pse36 clflush dts acpi mmx fxsr sse sse2 ss ht tm pbe syscall nx pdpe1gb rdtscp lm pni pclmulqdq dtes64 monitor ds_cpl vmx est tm2 ssse3 fma cx16 xtpr pdcm pcid sse4_1 sse4_2 x2apic movbe popcnt tsc_deadline_timer aes xsave osxsave avx f16c rdrand lahf_lm abm 3dnowprefetch fsgsbase tsc_adjust bmi1 avx2 smep bmi2 erms invpcid mpx rdseed adx smap clflushopt intel_pt ibrs ibpb stibp ssbd
Online cpus:
0-7
Offline cpus:
<Not Available>
BIOS frequency limitation:
<Not Available>
Frequency switch latency (ns):
<Not Available>
Available cpu frequencies:
<Not Available>
Current governor:
<Not Available>
Core performance/turbo boost:
<Not Available>

Memory: 4k page, physical 12430800k(6120652k free), swap 15484968k(15215116k free)

vm_info: OpenJDK 64-Bit Server VM (11.0.15+10-Ubuntu-0ubuntu0.18.04.1) for linux-amd64 JRE (11.0.15+10-Ubuntu-0ubuntu0.18.04.1), built on Apr 23 2022 13:02:10 by "unknown" with gcc 8.4.0

END.
